<?xml version="1.0" encoding="UTF-8"?>
<testsuites>
  <testsuite id="0" name="/home/runner/work/AdoPipelineOverview/AdoPipelineOverview/src/Tests/State/State.test.ts" errors="0" package="/home/runner/work/AdoPipelineOverview/AdoPipelineOverview/src/Tests/State/State.test.ts" hostname="localhost" tests="19" failures="0" time="4.346" timestamp="2026-03-13T10:33:24">
    <properties>
    </properties>
    <testcase classname="WidgetState" name="State - WidgetState - Test configuration V1 to widget state" time="0">
    </testcase>
    <testcase classname="WidgetState" name="State - WidgetState - Test configuration V2 to widget state" time="0">
    </testcase>
    <testcase classname="WidgetState" name="State - WidgetState - Can clone widget state" time="0">
    </testcase>
    <testcase classname="WidgetState" name="State - WidgetState - Can copy widget state" time="0">
    </testcase>
    <testcase classname="WidgetState" name="State - WidgetState - Can create empty object" time="0">
    </testcase>
    <testcase classname="ConfigurationWidgetState" name="State - ConfigurationWidgetState - Can copy configuration state" time="0">
    </testcase>
    <testcase classname="ConfigurationWidgetState" name="State - ConfigurationWidgetState - Can clone configuration state" time="0">
    </testcase>
    <testcase classname="ConfigurationWidgetState" name="State - ConfigurationWidgetState - Can create empty object" time="0">
    </testcase>
    <testcase classname="ConfigurationWidgetState" name="State - ConfigurationWidgetState - Test configuration V1 to widget state" time="0">
    </testcase>
    <testcase classname="ConfigurationWidgetState" name="State - ConfigurationWidgetState - Test configuration V2 to widget state" time="0">
    </testcase>
    <testcase classname="ConfigurationWidgetState" name="State - ConfigurationWidgetState - Test widget state to configuration V2" time="0">
    </testcase>
    <testcase classname="WidgetConfigurationSettings" name="State - WidgetConfigurationSettings - Can create empty object" time="0">
    </testcase>
    <testcase classname="WidgetConfigurationSettings" name="State - WidgetConfigurationSettings - Can clone object" time="0">
    </testcase>
    <testcase classname="BuildResultRowState" name="BuildResultRowState - Can create from properties" time="0">
    </testcase>
    <testcase classname="BuildResultRowState" name="BuildResultRowState - Can retrieve previous timeline record" time="0">
    </testcase>
    <testcase classname="BuildResultRowState" name="BuildResultRowState - Can retrieve previous timeline record as undefined" time="0">
    </testcase>
    <testcase classname="StageResultCellState" name="StageResultCellState - Can create from properties" time="0">
    </testcase>
    <testcase classname="StageResultCellState" name="StageResultCellState - Can return timelineRecord undefined" time="0">
    </testcase>
    <testcase classname="StageResultCellState" name="StageResultCellState - Can return previousTimelineRecordState undefined" time="0">
    </testcase>
    <system-out/>
    <system-err/>
  </testsuite>
  <testsuite id="1" name="/home/runner/work/AdoPipelineOverview/AdoPipelineOverview/src/Tests/StageResultCell/StageResultCell.test.tsx" errors="0" package="/home/runner/work/AdoPipelineOverview/AdoPipelineOverview/src/Tests/StageResultCell/StageResultCell.test.tsx" hostname="localhost" tests="12" failures="0" time="2.201" timestamp="2026-03-13T10:33:29">
    <properties>
    </properties>
    <testcase classname="StageResultCell" name="StageResultCell - Render" time="0">
    </testcase>
    <testcase classname="StageResultCell" name="StageResultCell - Get the stage underline class for stage result undefined expecting stage-success as a result" time="0">
    </testcase>
    <testcase classname="StageResultCell" name="StageResultCell - Get the stage underline class for stage result 2 expecting stage-failed as a result" time="0">
    </testcase>
    <testcase classname="StageResultCell" name="StageResultCell - Get the stage underline class for stage result 0 expecting stage-success as a result" time="0">
    </testcase>
    <testcase classname="StageResultCell" name="StageResultCell - Get the stage underline class for stage result 1 expecting stage-warning as a result" time="0">
    </testcase>
    <testcase classname="StageResultCell" name="StageResultCell - Get the stage underline class for stage result 5 expecting stage-neutral as a result" time="0">
    </testcase>
    <testcase classname="StageResultCell" name="StageResultCell - Get the stage underline class for stage result 3 expecting stage-neutral as a result" time="0">
    </testcase>
    <testcase classname="StageResultCell" name="StageResultCell - Get the stage underline class for stage result 4 expecting stage-neutral as a result" time="0">
    </testcase>
    <testcase classname="StageResultCell" name="StageResultCell - Get the stge underline class for stage status 2 expecting stage-success as a result" time="0">
    </testcase>
    <testcase classname="StageResultCell" name="StageResultCell - Get the stge underline class for stage status 0 expecting stage-neutral as a result" time="0">
    </testcase>
    <testcase classname="StageResultCell" name="StageResultCell - Get the stge underline class for stage status 1 expecting stage-active as a result" time="0">
    </testcase>
    <testcase classname="StageResultCell" name="StageResultCell - Get the stage underline class when the stage has failed" time="0">
    </testcase>
    <system-out/>
    <system-err/>
  </testsuite>
  <testsuite id="2" name="/home/runner/work/AdoPipelineOverview/AdoPipelineOverview/src/Tests/BuildResultRow/BuildResultRow.test.tsx" errors="0" package="/home/runner/work/AdoPipelineOverview/AdoPipelineOverview/src/Tests/BuildResultRow/BuildResultRow.test.tsx" hostname="localhost" tests="8" failures="0" time="0.546" timestamp="2026-03-13T10:33:31">
    <properties>
    </properties>
    <testcase classname="BuildResultRow" name="BuildResultRow - Render - No stages" time="0">
    </testcase>
    <testcase classname="BuildResultRow" name="BuildResultRow - Render - With stages" time="0">
    </testcase>
    <testcase classname="BuildResultRow" name="Create a widget row for a build with &apos;2&apos; as a result" time="0">
    </testcase>
    <testcase classname="BuildResultRow" name="Create a widget row for a build with &apos;8&apos; as a result" time="0">
    </testcase>
    <testcase classname="BuildResultRow" name="Create a widget row for a build with &apos;32&apos; as a result" time="0">
    </testcase>
    <testcase classname="BuildResultRow" name="Create a widget row for a build with &apos;4&apos; as a result" time="0">
    </testcase>
    <testcase classname="BuildResultRow" name="Create a widget row for a build with &apos;0&apos; as a result" time="0">
    </testcase>
    <testcase classname="BuildResultRow" name="Create a widget row for a build with &apos;10&apos; as a result" time="0">
    </testcase>
    <system-out/>
    <system-err/>
  </testsuite>
  <testsuite id="3" name="/home/runner/work/AdoPipelineOverview/AdoPipelineOverview/src/Tests/StageStatus/StageStatus.test.tsx" errors="0" package="/home/runner/work/AdoPipelineOverview/AdoPipelineOverview/src/Tests/StageStatus/StageStatus.test.tsx" hostname="localhost" tests="12" failures="0" time="0.337" timestamp="2026-03-13T10:33:32">
    <properties>
    </properties>
    <testcase classname="StageStatus" name="StageStatus - Render" time="0">
    </testcase>
    <testcase classname="StageStatus" name="StageStatus - taskResult is null or undefined" time="0">
    </testcase>
    <testcase classname="StageStatus" name="StageStatus - stageStatus is pending" time="0">
    </testcase>
    <testcase classname="StageStatus" name="StageStatus - stageStatus is pending with the previous stage completed" time="0">
    </testcase>
    <testcase classname="StageStatus" name="StageStatus - taskResult is null or undefined with startTime" time="0">
    </testcase>
    <testcase classname="StageStatus" name="StageStatus - taskResult is null or undefined with startTime at 0" time="0">
    </testcase>
    <testcase classname="StageStatus" name="Stage Status - Can render badge for task result 5" time="0">
    </testcase>
    <testcase classname="StageStatus" name="Stage Status - Can render badge for task result 2" time="0">
    </testcase>
    <testcase classname="StageStatus" name="Stage Status - Can render badge for task result 0" time="0">
    </testcase>
    <testcase classname="StageStatus" name="Stage Status - Can render badge for task result 1" time="0">
    </testcase>
    <testcase classname="StageStatus" name="Stage Status - Can render badge for task result 4" time="0">
    </testcase>
    <testcase classname="StageStatus" name="Stage Status - Can render badge for task result 3" time="0">
    </testcase>
    <system-out/>
    <system-err/>
  </testsuite>
  <testsuite id="4" name="/home/runner/work/AdoPipelineOverview/AdoPipelineOverview/src/Tests/Widget/Widget.test.tsx" errors="0" package="/home/runner/work/AdoPipelineOverview/AdoPipelineOverview/src/Tests/Widget/Widget.test.tsx" hostname="localhost" tests="7" failures="0" time="9.333" timestamp="2026-03-13T10:33:24">
    <properties>
    </properties>
    <testcase classname="Widget" name="Widget - Render with no configuration" time="0">
    </testcase>
    <testcase classname="Widget" name="Widget - Render with filled configuration" time="0">
    </testcase>
    <testcase classname="Widget" name="Widget - Render with filled configuration and tags" time="0">
    </testcase>
    <testcase classname="Widget" name="Widget - Render with filled configuration, pre-selected tag and &quot;matchAnyTag&quot; set to true" time="0">
    </testcase>
    <testcase classname="Widget" name="Widget - Render with filled configuration, pre-selected tag and &quot;matchAnyTag&quot; set to false" time="0">
    </testcase>
    <testcase classname="Widget" name="Widget - Render tag selection dropdown, select a tag then clear them all" time="0">
    </testcase>
    <testcase classname="Widget" name="Widget - Render with invalid data" time="0">
    </testcase>
    <system-out/>
    <system-err/>
  </testsuite>
  <testsuite id="5" name="/home/runner/work/AdoPipelineOverview/AdoPipelineOverview/src/Tests/Configuration/Configuration.test.tsx" errors="0" package="/home/runner/work/AdoPipelineOverview/AdoPipelineOverview/src/Tests/Configuration/Configuration.test.tsx" hostname="localhost" tests="16" failures="0" time="9.971" timestamp="2026-03-13T10:33:24">
    <properties>
    </properties>
    <testcase classname="Configuration" name="ConfigurationWidget - Render with no configuration settings" time="0">
    </testcase>
    <testcase classname="Configuration" name="Configuration - Render with no configuration settings and definition not empty" time="0">
    </testcase>
    <testcase classname="Configuration" name="Configuration - Render with configuration and definition not empty" time="0">
    </testcase>
    <testcase classname="Configuration" name="Configuration - Render with configuration and definition or branches not empty" time="0">
    </testcase>
    <testcase classname="Configuration" name="Configuration - Render with matching branch" time="0">
    </testcase>
    <testcase classname="Configuration" name="Configuration - Render with matching branch starting with refs/heads/ in the configuration" time="0">
    </testcase>
    <testcase classname="Configuration" name="Configuration - Render with matching branch starting with tags" time="0">
    </testcase>
    <testcase classname="Configuration" name="Configuration - Test onBuildDropdownChange" time="0">
    </testcase>
    <testcase classname="Configuration" name="Configuration - Test onBuildCountChanged with new value NaN and expected result 1" time="0">
    </testcase>
    <testcase classname="Configuration" name="Configuration - Test onBuildCountChanged with new value 5 and expected result 5" time="0">
    </testcase>
    <testcase classname="Configuration" name="Configuration - Test onBuildCountChanged with new value 51 and expected result 1" time="0">
    </testcase>
    <testcase classname="Configuration" name="Configuration - Test onBuildCountChanged with new value 0 and expected result 1" time="0">
    </testcase>
    <testcase classname="Configuration" name="Configuration - Test onBuildCountChanged with new value 50 and expected result 50" time="0">
    </testcase>
    <testcase classname="Configuration" name="Configuration - Test onShowStagesCHanged" time="0">
    </testcase>
    <testcase classname="Configuration" name="Configuration - Test onTagToggleChanged" time="0">
    </testcase>
    <testcase classname="Configuration" name="Configuration - Test onTagDropdownSelectionClicked" time="0">
    </testcase>
    <system-out/>
    <system-err/>
  </testsuite>
</testsuites>