<?xml version="1.0" ?>
<!DOCTYPE coverage SYSTEM "http://cobertura.sourceforge.net/xml/coverage-04.dtd">
<coverage lines-valid="539" lines-covered="507" line-rate="0.9406" branches-valid="295" branches-covered="242" branch-rate="0.8203" timestamp="1773651877337" complexity="0" version="0.1">
  <sources>
    <source>/home/runner/work/AdoPipelineOverview/AdoPipelineOverview</source>
  </sources>
  <packages>
    <package name="src" line-rate="0.9311" branch-rate="0.8008">
      <classes>
        <class name="Common.tsx" filename="src/Common.tsx" line-rate="0.8332999999999999" branch-rate="1">
          <methods>
            <method name="showRootComponent" hits="0" signature="()V">
              <lines>
                <line number="6" hits="0"/>
              </lines>
            </method>
          </methods>
          <lines>
            <line number="1" hits="3" branch="false"/>
            <line number="2" hits="3" branch="false"/>
            <line number="4" hits="3" branch="false"/>
            <line number="6" hits="3" branch="false"/>
            <line number="7" hits="0" branch="false"/>
            <line number="10" hits="3" branch="false"/>
          </lines>
        </class>
        <class name="State.tsx" filename="src/State.tsx" line-rate="0.9569" branch-rate="0.6595">
          <methods>
            <method name="(anonymous_0)" hits="5" signature="()V">
              <lines>
                <line number="5" hits="5"/>
              </lines>
            </method>
            <method name="WidgetConfigurationSettings" hits="87" signature="()V">
              <lines>
                <line number="14" hits="87"/>
              </lines>
            </method>
            <method name="(anonymous_2)" hits="2" signature="()V">
              <lines>
                <line number="25" hits="2"/>
              </lines>
            </method>
            <method name="(anonymous_3)" hits="7" signature="()V">
              <lines>
                <line number="31" hits="7"/>
              </lines>
            </method>
            <method name="(anonymous_4)" hits="5" signature="()V">
              <lines>
                <line number="41" hits="5"/>
              </lines>
            </method>
            <method name="ConfigurationWidgetState" hits="45" signature="()V">
              <lines>
                <line number="52" hits="45"/>
              </lines>
            </method>
            <method name="(anonymous_6)" hits="23" signature="()V">
              <lines>
                <line number="62" hits="23"/>
              </lines>
            </method>
            <method name="(anonymous_7)" hits="17" signature="()V">
              <lines>
                <line number="67" hits="17"/>
              </lines>
            </method>
            <method name="(anonymous_8)" hits="69" signature="()V">
              <lines>
                <line number="83" hits="69"/>
              </lines>
            </method>
            <method name="(anonymous_9)" hits="1" signature="()V">
              <lines>
                <line number="88" hits="1"/>
              </lines>
            </method>
            <method name="(anonymous_10)" hits="1" signature="()V">
              <lines>
                <line number="97" hits="1"/>
              </lines>
            </method>
            <method name="(anonymous_11)" hits="5" signature="()V">
              <lines>
                <line number="112" hits="5"/>
              </lines>
            </method>
            <method name="WidgetState" hits="32" signature="()V">
              <lines>
                <line number="121" hits="32"/>
              </lines>
            </method>
            <method name="(anonymous_13)" hits="15" signature="()V">
              <lines>
                <line number="131" hits="15"/>
              </lines>
            </method>
            <method name="(anonymous_14)" hits="15" signature="()V">
              <lines>
                <line number="136" hits="15"/>
              </lines>
            </method>
            <method name="(anonymous_15)" hits="1" signature="()V">
              <lines>
                <line number="152" hits="1"/>
              </lines>
            </method>
            <method name="(anonymous_16)" hits="14" signature="()V">
              <lines>
                <line number="157" hits="14"/>
              </lines>
            </method>
            <method name="(anonymous_17)" hits="5" signature="()V">
              <lines>
                <line number="196" hits="5"/>
              </lines>
            </method>
            <method name="BuildResultRowState" hits="14" signature="()V">
              <lines>
                <line number="202" hits="14"/>
              </lines>
            </method>
            <method name="(anonymous_19)" hits="14" signature="()V">
              <lines>
                <line number="208" hits="14"/>
              </lines>
            </method>
            <method name="(anonymous_20)" hits="4" signature="()V">
              <lines>
                <line number="212" hits="4"/>
              </lines>
            </method>
            <method name="(anonymous_21)" hits="5" signature="()V">
              <lines>
                <line number="231" hits="5"/>
              </lines>
            </method>
            <method name="StageResultCellState" hits="17" signature="()V">
              <lines>
                <line number="238" hits="17"/>
              </lines>
            </method>
            <method name="(anonymous_23)" hits="17" signature="()V">
              <lines>
                <line number="246" hits="17"/>
              </lines>
            </method>
          </methods>
          <lines>
            <line number="5" hits="5" branch="false"/>
            <line number="12" hits="87" branch="false"/>
            <line number="16" hits="87" branch="false"/>
            <line number="17" hits="87" branch="false"/>
            <line number="18" hits="87" branch="false"/>
            <line number="19" hits="87" branch="false"/>
            <line number="20" hits="87" branch="false"/>
            <line number="21" hits="87" branch="false"/>
            <line number="22" hits="87" branch="true" condition-coverage="50% (1/2)"/>
            <line number="25" hits="5" branch="false"/>
            <line number="26" hits="2" branch="false"/>
            <line number="31" hits="5" branch="false"/>
            <line number="32" hits="7" branch="false"/>
            <line number="35" hits="5" branch="false"/>
            <line number="41" hits="5" branch="false"/>
            <line number="50" hits="5" branch="false"/>
            <line number="53" hits="45" branch="false"/>
            <line number="54" hits="45" branch="false"/>
            <line number="55" hits="45" branch="false"/>
            <line number="56" hits="45" branch="false"/>
            <line number="57" hits="45" branch="false"/>
            <line number="58" hits="45" branch="true" condition-coverage="50% (1/2)"/>
            <line number="59" hits="45" branch="true" condition-coverage="50% (1/2)"/>
            <line number="62" hits="5" branch="false"/>
            <line number="63" hits="23" branch="false"/>
            <line number="67" hits="5" branch="false"/>
            <line number="68" hits="17" branch="true" condition-coverage="71.42857142857143% (5/7)"/>
            <line number="70" hits="17" branch="true" condition-coverage="0% (0/1)"/>
            <line number="72" hits="0" branch="false"/>
            <line number="74" hits="17" branch="true" condition-coverage="0% (0/1)"/>
            <line number="76" hits="0" branch="false"/>
            <line number="79" hits="17" branch="true" condition-coverage="75% (3/4)"/>
            <line number="83" hits="5" branch="false"/>
            <line number="84" hits="69" branch="false"/>
            <line number="88" hits="5" branch="false"/>
            <line number="91" hits="1" branch="false"/>
            <line number="97" hits="5" branch="false"/>
            <line number="99" hits="1" branch="false"/>
            <line number="100" hits="1" branch="false"/>
            <line number="101" hits="1" branch="false"/>
            <line number="102" hits="1" branch="false"/>
            <line number="103" hits="1" branch="false"/>
            <line number="104" hits="1" branch="false"/>
            <line number="105" hits="1" branch="false"/>
            <line number="110" hits="5" branch="false"/>
            <line number="112" hits="5" branch="false"/>
            <line number="122" hits="32" branch="false"/>
            <line number="123" hits="32" branch="false"/>
            <line number="124" hits="32" branch="false"/>
            <line number="125" hits="32" branch="false"/>
            <line number="126" hits="32" branch="false"/>
            <line number="127" hits="32" branch="false"/>
            <line number="128" hits="32" branch="true" condition-coverage="50% (1/2)"/>
            <line number="131" hits="5" branch="false"/>
            <line number="132" hits="15" branch="false"/>
            <line number="136" hits="5" branch="false"/>
            <line number="137" hits="15" branch="true" condition-coverage="71.42857142857143% (5/7)"/>
            <line number="139" hits="15" branch="true" condition-coverage="0% (0/1)"/>
            <line number="141" hits="0" branch="false"/>
            <line number="143" hits="15" branch="true" condition-coverage="0% (0/1)"/>
            <line number="145" hits="0" branch="false"/>
            <line number="148" hits="15" branch="true" condition-coverage="75% (3/4)"/>
            <line number="152" hits="5" branch="false"/>
            <line number="153" hits="1" branch="true" condition-coverage="75% (3/4)"/>
            <line number="157" hits="5" branch="false"/>
            <line number="159" hits="14" branch="false"/>
            <line number="160" hits="14" branch="false"/>
            <line number="161" hits="14" branch="false"/>
            <line number="162" hits="14" branch="false"/>
            <line number="163" hits="14" branch="false"/>
            <line number="164" hits="14" branch="false"/>
            <line number="165" hits="14" branch="false"/>
            <line number="167" hits="5" branch="false"/>
            <line number="196" hits="5" branch="false"/>
            <line number="203" hits="14" branch="false"/>
            <line number="204" hits="14" branch="false"/>
            <line number="205" hits="14" branch="false"/>
            <line number="208" hits="5" branch="false"/>
            <line number="209" hits="14" branch="false"/>
            <line number="212" hits="5" branch="false"/>
            <line number="213" hits="4" branch="true" condition-coverage="100% (5/5)"/>
            <line number="215" hits="2" branch="false"/>
            <line number="218" hits="2" branch="false"/>
            <line number="221" hits="5" branch="false"/>
            <line number="231" hits="5" branch="false"/>
            <line number="239" hits="17" branch="false"/>
            <line number="240" hits="17" branch="false"/>
            <line number="241" hits="17" branch="false"/>
            <line number="242" hits="17" branch="false"/>
            <line number="243" hits="17" branch="false"/>
            <line number="246" hits="5" branch="false"/>
            <line number="247" hits="17" branch="false"/>
            <line number="249" hits="5" branch="false"/>
          </lines>
        </class>
        <class name="configuration.tsx" filename="src/configuration.tsx" line-rate="0.8878" branch-rate="0.8297">
          <methods>
            <method name="(anonymous_28)" hits="1" signature="()V">
              <lines>
                <line number="33" hits="1"/>
              </lines>
            </method>
            <method name="ConfigurationWidget" hits="20" signature="()V">
              <lines>
                <line number="52" hits="20"/>
              </lines>
            </method>
            <method name="(anonymous_30)" hits="1" signature="()V">
              <lines>
                <line number="350" hits="1"/>
              </lines>
            </method>
            <method name="(anonymous_31)" hits="1" signature="()V">
              <lines>
                <line number="350" hits="1"/>
              </lines>
            </method>
            <method name="(anonymous_33)" hits="1" signature="()V">
              <lines>
                <line number="364" hits="1"/>
              </lines>
            </method>
            <method name="(anonymous_34)" hits="5" signature="()V">
              <lines>
                <line number="377" hits="5"/>
              </lines>
            </method>
            <method name="(anonymous_35)" hits="1" signature="()V">
              <lines>
                <line number="398" hits="1"/>
              </lines>
            </method>
            <method name="(anonymous_36)" hits="2" signature="()V">
              <lines>
                <line number="410" hits="2"/>
              </lines>
            </method>
            <method name="(anonymous_37)" hits="2" signature="()V">
              <lines>
                <line number="447" hits="2"/>
              </lines>
            </method>
            <method name="(anonymous_38)" hits="1" signature="()V">
              <lines>
                <line number="474" hits="1"/>
              </lines>
            </method>
            <method name="(anonymous_39)" hits="20" signature="()V">
              <lines>
                <line number="59" hits="20"/>
              </lines>
            </method>
            <method name="(anonymous_40)" hits="20" signature="()V">
              <lines>
                <line number="60" hits="20"/>
              </lines>
            </method>
            <method name="(anonymous_41)" hits="63" signature="()V">
              <lines>
                <line number="70" hits="63"/>
              </lines>
            </method>
            <method name="(anonymous_42)" hits="2" signature="()V">
              <lines>
                <line number="80" hits="2"/>
              </lines>
            </method>
            <method name="(anonymous_45)" hits="0" signature="()V">
              <lines>
                <line number="84" hits="0"/>
              </lines>
            </method>
            <method name="(anonymous_48)" hits="20" signature="()V">
              <lines>
                <line number="88" hits="20"/>
              </lines>
            </method>
            <method name="(anonymous_51)" hits="1" signature="()V">
              <lines>
                <line number="103" hits="1"/>
              </lines>
            </method>
            <method name="(anonymous_54)" hits="21" signature="()V">
              <lines>
                <line number="124" hits="21"/>
              </lines>
            </method>
            <method name="(anonymous_57)" hits="20" signature="()V">
              <lines>
                <line number="135" hits="20"/>
              </lines>
            </method>
            <method name="(anonymous_60)" hits="11" signature="()V">
              <lines>
                <line number="149" hits="11"/>
              </lines>
            </method>
            <method name="(anonymous_63)" hits="11" signature="()V">
              <lines>
                <line number="157" hits="11"/>
              </lines>
            </method>
            <method name="(anonymous_64)" hits="11" signature="()V">
              <lines>
                <line number="159" hits="11"/>
              </lines>
            </method>
            <method name="(anonymous_65)" hits="11" signature="()V">
              <lines>
                <line number="163" hits="11"/>
              </lines>
            </method>
            <method name="(anonymous_66)" hits="5" signature="()V">
              <lines>
                <line number="174" hits="5"/>
              </lines>
            </method>
            <method name="(anonymous_68)" hits="5" signature="()V">
              <lines>
                <line number="178" hits="5"/>
              </lines>
            </method>
            <method name="(anonymous_69)" hits="5" signature="()V">
              <lines>
                <line number="186" hits="5"/>
              </lines>
            </method>
            <method name="(anonymous_70)" hits="5" signature="()V">
              <lines>
                <line number="187" hits="5"/>
              </lines>
            </method>
            <method name="(anonymous_71)" hits="11" signature="()V">
              <lines>
                <line number="205" hits="11"/>
              </lines>
            </method>
            <method name="(anonymous_74)" hits="4" signature="()V">
              <lines>
                <line number="212" hits="4"/>
              </lines>
            </method>
            <method name="(anonymous_76)" hits="1" signature="()V">
              <lines>
                <line number="228" hits="1"/>
              </lines>
            </method>
            <method name="(anonymous_77)" hits="21" signature="()V">
              <lines>
                <line number="256" hits="21"/>
              </lines>
            </method>
            <method name="(anonymous_80)" hits="19" signature="()V">
              <lines>
                <line number="267" hits="19"/>
              </lines>
            </method>
            <method name="(anonymous_81)" hits="19" signature="()V">
              <lines>
                <line number="267" hits="19"/>
              </lines>
            </method>
            <method name="(anonymous_83)" hits="68" signature="()V">
              <lines>
                <line number="290" hits="68"/>
              </lines>
            </method>
            <method name="(anonymous_86)" hits="29" signature="()V">
              <lines>
                <line number="296" hits="29"/>
              </lines>
            </method>
            <method name="(anonymous_87)" hits="0" signature="()V">
              <lines>
                <line number="426" hits="0"/>
              </lines>
            </method>
            <method name="(anonymous_88)" hits="0" signature="()V">
              <lines>
                <line number="431" hits="0"/>
              </lines>
            </method>
            <method name="(anonymous_89)" hits="0" signature="()V">
              <lines>
                <line number="437" hits="0"/>
              </lines>
            </method>
            <method name="(anonymous_90)" hits="0" signature="()V">
              <lines>
                <line number="466" hits="0"/>
              </lines>
            </method>
            <method name="(anonymous_91)" hits="14" signature="()V">
              <lines>
                <line number="484" hits="14"/>
              </lines>
            </method>
            <method name="(anonymous_92)" hits="83" signature="()V">
              <lines>
                <line number="492" hits="83"/>
              </lines>
            </method>
            <method name="(anonymous_93)" hits="0" signature="()V">
              <lines>
                <line number="523" hits="0"/>
              </lines>
            </method>
            <method name="(anonymous_94)" hits="0" signature="()V">
              <lines>
                <line number="532" hits="0"/>
              </lines>
            </method>
            <method name="(anonymous_95)" hits="28" signature="()V">
              <lines>
                <line number="539" hits="28"/>
              </lines>
            </method>
            <method name="(anonymous_96)" hits="0" signature="()V">
              <lines>
                <line number="567" hits="0"/>
              </lines>
            </method>
          </methods>
          <lines>
            <line number="1" hits="1" branch="false"/>
            <line number="2" hits="1" branch="false"/>
            <line number="3" hits="1" branch="false"/>
            <line number="4" hits="1" branch="false"/>
            <line number="5" hits="1" branch="false"/>
            <line number="12" hits="1" branch="false"/>
            <line number="13" hits="1" branch="false"/>
            <line number="17" hits="1" branch="false"/>
            <line number="18" hits="1" branch="false"/>
            <line number="20" hits="1" branch="false"/>
            <line number="24" hits="1" branch="false"/>
            <line number="25" hits="1" branch="false"/>
            <line number="26" hits="1" branch="false"/>
            <line number="27" hits="1" branch="false"/>
            <line number="28" hits="1" branch="false"/>
            <line number="29" hits="1" branch="false"/>
            <line number="30" hits="1" branch="false"/>
            <line number="31" hits="1" branch="false"/>
            <line number="33" hits="1" branch="false"/>
            <line number="36" hits="20" branch="false"/>
            <line number="37" hits="20" branch="false"/>
            <line number="38" hits="20" branch="false"/>
            <line number="39" hits="20" branch="false"/>
            <line number="40" hits="20" branch="false"/>
            <line number="44" hits="20" branch="false"/>
            <line number="46" hits="20" branch="false"/>
            <line number="53" hits="20" branch="true" condition-coverage="100% (2/2)"/>
            <line number="54" hits="20" branch="false"/>
            <line number="59" hits="20" branch="false"/>
            <line number="60" hits="20" branch="false"/>
            <line number="62" hits="20" branch="false"/>
            <line number="64" hits="20" branch="false"/>
            <line number="65" hits="20" branch="false"/>
            <line number="70" hits="1" branch="false"/>
            <line number="71" hits="63" branch="false"/>
            <line number="72" hits="63" branch="false"/>
            <line number="76" hits="0" branch="false"/>
            <line number="80" hits="1" branch="false"/>
            <line number="81" hits="2" branch="true" condition-coverage="100% (2/2)"/>
            <line number="84" hits="1" branch="false"/>
            <line number="85" hits="0" branch="false"/>
            <line number="88" hits="1" branch="false"/>
            <line number="93" hits="20" branch="false"/>
            <line number="94" hits="40" branch="false"/>
            <line number="95" hits="20" branch="false"/>
            <line number="97" hits="0" branch="false"/>
            <line number="98" hits="0" branch="false"/>
            <line number="103" hits="1" branch="false"/>
            <line number="107" hits="2" branch="false"/>
            <line number="108" hits="1" branch="false"/>
            <line number="110" hits="0" branch="false"/>
            <line number="111" hits="0" branch="false"/>
            <line number="124" hits="1" branch="false"/>
            <line number="125" hits="21" branch="false"/>
            <line number="126" hits="31" branch="true" condition-coverage="100% (4/4)"/>
            <line number="128" hits="22" branch="false"/>
            <line number="131" hits="10" branch="false"/>
            <line number="132" hits="10" branch="false"/>
            <line number="134" hits="10" branch="false"/>
            <line number="135" hits="10" branch="false"/>
            <line number="136" hits="20" branch="true" condition-coverage="100% (1/1)"/>
            <line number="149" hits="1" branch="false"/>
            <line number="150" hits="11" branch="false"/>
            <line number="151" hits="11" branch="false"/>
            <line number="152" hits="11" branch="false"/>
            <line number="154" hits="11" branch="false"/>
            <line number="157" hits="11" branch="true" condition-coverage="50% (1/2)"/>
            <line number="159" hits="11" branch="false"/>
            <line number="161" hits="11" branch="false"/>
            <line number="163" hits="11" branch="false"/>
            <line number="164" hits="11" branch="false"/>
            <line number="168" hits="11" branch="false"/>
            <line number="169" hits="11" branch="false"/>
            <line number="173" hits="11" branch="true" condition-coverage="100% (4/4)"/>
            <line number="174" hits="5" branch="false"/>
            <line number="175" hits="5" branch="true" condition-coverage="100% (2/2)"/>
            <line number="176" hits="5" branch="false"/>
            <line number="177" hits="10" branch="false"/>
            <line number="178" hits="5" branch="false"/>
            <line number="179" hits="5" branch="true" condition-coverage="100% (1/1)"/>
            <line number="180" hits="5" branch="false"/>
            <line number="181" hits="5" branch="false"/>
            <line number="184" hits="5" branch="true" condition-coverage="50% (1/2)"/>
            <line number="185" hits="5" branch="false"/>
            <line number="187" hits="5" branch="false"/>
            <line number="190" hits="0" branch="false"/>
            <line number="193" hits="6" branch="false"/>
            <line number="196" hits="11" branch="false"/>
            <line number="205" hits="1" branch="false"/>
            <line number="206" hits="11" branch="false"/>
            <line number="207" hits="11" branch="false"/>
            <line number="209" hits="11" branch="false"/>
            <line number="210" hits="11" branch="false"/>
            <line number="211" hits="11" branch="true" condition-coverage="100% (1/1)"/>
            <line number="212" hits="3" branch="false"/>
            <line number="213" hits="4" branch="false"/>
            <line number="218" hits="4" branch="false"/>
            <line number="222" hits="11" branch="false"/>
            <line number="224" hits="11" branch="true" condition-coverage="100% (4/4)"/>
            <line number="226" hits="1" branch="false"/>
            <line number="227" hits="2" branch="false"/>
            <line number="228" hits="1" branch="false"/>
            <line number="229" hits="1" branch="true" condition-coverage="100% (1/1)"/>
            <line number="230" hits="1" branch="false"/>
            <line number="231" hits="1" branch="false"/>
            <line number="234" hits="1" branch="true" condition-coverage="100% (1/1)"/>
            <line number="236" hits="1" branch="false"/>
            <line number="242" hits="11" branch="true" condition-coverage="100% (1/1)"/>
            <line number="244" hits="10" branch="false"/>
            <line number="256" hits="1" branch="false"/>
            <line number="257" hits="21" branch="true" condition-coverage="100% (1/1)"/>
            <line number="258" hits="21" branch="false"/>
            <line number="259" hits="21" branch="false"/>
            <line number="260" hits="21" branch="true" condition-coverage="75% (3/4)"/>
            <line number="261" hits="21" branch="true" condition-coverage="75% (3/4)"/>
            <line number="262" hits="21" branch="false"/>
            <line number="263" hits="21" branch="false"/>
            <line number="267" hits="42" branch="false"/>
            <line number="268" hits="19" branch="false"/>
            <line number="273" hits="28" branch="true" condition-coverage="100% (1/1)"/>
            <line number="275" hits="10" branch="false"/>
            <line number="276" hits="10" branch="false"/>
            <line number="279" hits="20" branch="false"/>
            <line number="281" hits="20" branch="false"/>
            <line number="290" hits="1" branch="false"/>
            <line number="293" hits="68" branch="false"/>
            <line number="294" hits="68" branch="true" condition-coverage="100% (3/3)"/>
            <line number="295" hits="28" branch="false"/>
            <line number="296" hits="29" branch="true" condition-coverage="100% (2/2)"/>
            <line number="299" hits="68" branch="false"/>
            <line number="301" hits="68" branch="false"/>
            <line number="302" hits="68" branch="false"/>
            <line number="303" hits="68" branch="true" condition-coverage="100% (1/1)"/>
            <line number="305" hits="7" branch="false"/>
            <line number="307" hits="68" branch="true" condition-coverage="100% (3/3)"/>
            <line number="309" hits="40" branch="false"/>
            <line number="311" hits="68" branch="true" condition-coverage="0% (0/1)"/>
            <line number="313" hits="0" branch="false"/>
            <line number="315" hits="68" branch="true" condition-coverage="66.66666666666666% (2/3)"/>
            <line number="317" hits="0" branch="false"/>
            <line number="319" hits="96" branch="true" condition-coverage="100% (1/1)"/>
            <line number="321" hits="40" branch="false"/>
            <line number="323" hits="40" branch="false"/>
            <line number="326" hits="28" branch="false"/>
            <line number="329" hits="28" branch="false"/>
            <line number="330" hits="56" branch="true" condition-coverage="75% (3/4)"/>
            <line number="332" hits="28" branch="false"/>
            <line number="336" hits="0" branch="false"/>
            <line number="337" hits="0" branch="false"/>
            <line number="350" hits="20" branch="false"/>
            <line number="351" hits="1" branch="false"/>
            <line number="352" hits="1" branch="false"/>
            <line number="353" hits="1" branch="false"/>
            <line number="358" hits="1" branch="true" condition-coverage="50% (1/2)"/>
            <line number="359" hits="1" branch="false"/>
            <line number="360" hits="1" branch="false"/>
            <line number="364" hits="1" branch="false"/>
            <line number="365" hits="1" branch="false"/>
            <line number="366" hits="2" branch="false"/>
            <line number="367" hits="2" branch="false"/>
            <line number="369" hits="1" branch="false"/>
            <line number="377" hits="20" branch="false"/>
            <line number="378" hits="5" branch="true" condition-coverage="100% (2/2)"/>
            <line number="380" hits="1" branch="false"/>
            <line number="382" hits="4" branch="true" condition-coverage="100% (3/3)"/>
            <line number="384" hits="2" branch="false"/>
            <line number="386" hits="2" branch="false"/>
            <line number="390" hits="2" branch="false"/>
            <line number="398" hits="20" branch="false"/>
            <line number="399" hits="1" branch="false"/>
            <line number="402" hits="1" branch="false"/>
            <line number="410" hits="20" branch="false"/>
            <line number="411" hits="2" branch="false"/>
            <line number="412" hits="2" branch="false"/>
            <line number="413" hits="2" branch="false"/>
            <line number="414" hits="2" branch="false"/>
            <line number="415" hits="3" branch="false"/>
            <line number="418" hits="2" branch="true" condition-coverage="100% (1/1)"/>
            <line number="419" hits="2" branch="false"/>
            <line number="421" hits="2" branch="false"/>
            <line number="426" hits="1" branch="false"/>
            <line number="427" hits="0" branch="false"/>
            <line number="428" hits="0" branch="false"/>
            <line number="431" hits="1" branch="false"/>
            <line number="432" hits="0" branch="true" condition-coverage="0% (0/1)"/>
            <line number="433" hits="0" branch="false"/>
            <line number="435" hits="0" branch="false"/>
            <line number="436" hits="0" branch="false"/>
            <line number="437" hits="0" branch="false"/>
            <line number="438" hits="0" branch="false"/>
            <line number="447" hits="20" branch="false"/>
            <line number="449" hits="2" branch="false"/>
            <line number="450" hits="2" branch="false"/>
            <line number="451" hits="2" branch="false"/>
            <line number="452" hits="2" branch="false"/>
            <line number="454" hits="3" branch="false"/>
            <line number="457" hits="2" branch="true" condition-coverage="100% (1/1)"/>
            <line number="459" hits="2" branch="false"/>
            <line number="461" hits="2" branch="false"/>
            <line number="466" hits="1" branch="false"/>
            <line number="468" hits="0" branch="false"/>
            <line number="469" hits="0" branch="false"/>
            <line number="474" hits="20" branch="false"/>
            <line number="475" hits="1" branch="false"/>
            <line number="484" hits="1" branch="false"/>
            <line number="485" hits="14" branch="false"/>
            <line number="492" hits="83" branch="false"/>
            <line number="493" hits="83" branch="true" condition-coverage="100% (2/2)"/>
            <line number="524" hits="0" branch="false"/>
            <line number="533" hits="0" branch="false"/>
            <line number="539" hits="28" branch="false"/>
            <line number="568" hits="0" branch="false"/>
            <line number="599" hits="1" branch="false"/>
            <line number="601" hits="1" branch="false"/>
          </lines>
        </class>
        <class name="widget.tsx" filename="src/widget.tsx" line-rate="0.9918" branch-rate="0.8443999999999999">
          <methods>
            <method name="(anonymous_29)" hits="10" signature="()V">
              <lines>
                <line number="31" hits="10"/>
              </lines>
            </method>
            <method name="(anonymous_31)" hits="1" signature="()V">
              <lines>
                <line number="246" hits="1"/>
              </lines>
            </method>
            <method name="(anonymous_32)" hits="2" signature="()V">
              <lines>
                <line number="262" hits="2"/>
              </lines>
            </method>
            <method name="(anonymous_35)" hits="9" signature="()V">
              <lines>
                <line number="48" hits="9"/>
              </lines>
            </method>
            <method name="(anonymous_36)" hits="9" signature="()V">
              <lines>
                <line number="49" hits="9"/>
              </lines>
            </method>
            <method name="(anonymous_37)" hits="7" signature="()V">
              <lines>
                <line number="54" hits="7"/>
              </lines>
            </method>
            <method name="(anonymous_40)" hits="9" signature="()V">
              <lines>
                <line number="63" hits="9"/>
              </lines>
            </method>
            <method name="(anonymous_43)" hits="4" signature="()V">
              <lines>
                <line number="90" hits="4"/>
              </lines>
            </method>
            <method name="(anonymous_46)" hits="13" signature="()V">
              <lines>
                <line number="122" hits="13"/>
              </lines>
            </method>
            <method name="(anonymous_49)" hits="3" signature="()V">
              <lines>
                <line number="134" hits="3"/>
              </lines>
            </method>
            <method name="(anonymous_50)" hits="9" signature="()V">
              <lines>
                <line number="158" hits="9"/>
              </lines>
            </method>
            <method name="(anonymous_51)" hits="0" signature="()V">
              <lines>
                <line number="161" hits="0"/>
              </lines>
            </method>
            <method name="(anonymous_52)" hits="9" signature="()V">
              <lines>
                <line number="169" hits="9"/>
              </lines>
            </method>
            <method name="(anonymous_53)" hits="9" signature="()V">
              <lines>
                <line number="177" hits="9"/>
              </lines>
            </method>
            <method name="(anonymous_54)" hits="18" signature="()V">
              <lines>
                <line number="196" hits="18"/>
              </lines>
            </method>
            <method name="(anonymous_55)" hits="7" signature="()V">
              <lines>
                <line number="205" hits="7"/>
              </lines>
            </method>
            <method name="(anonymous_58)" hits="8" signature="()V">
              <lines>
                <line number="212" hits="8"/>
              </lines>
            </method>
            <method name="(anonymous_60)" hits="3" signature="()V">
              <lines>
                <line number="226" hits="3"/>
              </lines>
            </method>
            <method name="(anonymous_61)" hits="1" signature="()V">
              <lines>
                <line number="267" hits="1"/>
              </lines>
            </method>
            <method name="(anonymous_62)" hits="2" signature="()V">
              <lines>
                <line number="272" hits="2"/>
              </lines>
            </method>
            <method name="(anonymous_65)" hits="29" signature="()V">
              <lines>
                <line number="303" hits="29"/>
              </lines>
            </method>
            <method name="(anonymous_66)" hits="6" signature="()V">
              <lines>
                <line number="327" hits="6"/>
              </lines>
            </method>
            <method name="(anonymous_67)" hits="1" signature="()V">
              <lines>
                <line number="341" hits="1"/>
              </lines>
            </method>
            <method name="(anonymous_68)" hits="16" signature="()V">
              <lines>
                <line number="360" hits="16"/>
              </lines>
            </method>
          </methods>
          <lines>
            <line number="1" hits="1" branch="false"/>
            <line number="2" hits="1" branch="false"/>
            <line number="4" hits="1" branch="false"/>
            <line number="6" hits="1" branch="false"/>
            <line number="11" hits="1" branch="false"/>
            <line number="12" hits="1" branch="false"/>
            <line number="18" hits="1" branch="false"/>
            <line number="19" hits="1" branch="false"/>
            <line number="21" hits="1" branch="false"/>
            <line number="22" hits="1" branch="false"/>
            <line number="27" hits="1" branch="false"/>
            <line number="28" hits="1" branch="false"/>
            <line number="29" hits="1" branch="false"/>
            <line number="31" hits="1" branch="false"/>
            <line number="35" hits="9" branch="false"/>
            <line number="36" hits="9" branch="false"/>
            <line number="38" hits="9" branch="false"/>
            <line number="39" hits="9" branch="false"/>
            <line number="48" hits="9" branch="false"/>
            <line number="49" hits="9" branch="false"/>
            <line number="50" hits="9" branch="false"/>
            <line number="54" hits="1" branch="false"/>
            <line number="55" hits="7" branch="true" condition-coverage="100% (1/1)"/>
            <line number="56" hits="7" branch="false"/>
            <line number="59" hits="7" branch="true" condition-coverage="75% (6/8)"/>
            <line number="60" hits="7" branch="false"/>
            <line number="63" hits="1" branch="false"/>
            <line number="67" hits="9" branch="false"/>
            <line number="68" hits="9" branch="false"/>
            <line number="70" hits="17" branch="true" condition-coverage="100% (4/4)"/>
            <line number="72" hits="1" branch="false"/>
            <line number="73" hits="1" branch="false"/>
            <line number="76" hits="16" branch="true" condition-coverage="100% (2/2)"/>
            <line number="78" hits="14" branch="false"/>
            <line number="80" hits="8" branch="false"/>
            <line number="82" hits="1" branch="false"/>
            <line number="83" hits="1" branch="false"/>
            <line number="84" hits="1" branch="false"/>
            <line number="90" hits="1" branch="false"/>
            <line number="94" hits="4" branch="false"/>
            <line number="95" hits="4" branch="false"/>
            <line number="96" hits="4" branch="false"/>
            <line number="97" hits="7" branch="true" condition-coverage="100% (4/4)"/>
            <line number="99" hits="1" branch="false"/>
            <line number="102" hits="6" branch="true" condition-coverage="100% (2/2)"/>
            <line number="105" hits="3" branch="false"/>
            <line number="107" hits="1" branch="false"/>
            <line number="108" hits="1" branch="false"/>
            <line number="109" hits="1" branch="false"/>
            <line number="122" hits="1" branch="false"/>
            <line number="125" hits="13" branch="false"/>
            <line number="126" hits="13" branch="false"/>
            <line number="128" hits="13" branch="false"/>
            <line number="130" hits="13" branch="false"/>
            <line number="131" hits="13" branch="false"/>
            <line number="132" hits="13" branch="true" condition-coverage="100% (2/2)"/>
            <line number="134" hits="3" branch="false"/>
            <line number="135" hits="22" branch="true" condition-coverage="100% (1/1)"/>
            <line number="137" hits="12" branch="true" condition-coverage="100% (1/1)"/>
            <line number="138" hits="12" branch="true" condition-coverage="77.77777777777779% (7/9)"/>
            <line number="139" hits="4" branch="false"/>
            <line number="144" hits="4" branch="false"/>
            <line number="149" hits="25" branch="true" condition-coverage="100% (1/1)"/>
            <line number="150" hits="10" branch="false"/>
            <line number="155" hits="8" branch="false"/>
            <line number="158" hits="11" branch="false"/>
            <line number="161" hits="11" branch="false"/>
            <line number="162" hits="0" branch="false"/>
            <line number="169" hits="11" branch="false"/>
            <line number="172" hits="11" branch="false"/>
            <line number="173" hits="11" branch="false"/>
            <line number="174" hits="29" branch="true" condition-coverage="100% (1/1)"/>
            <line number="175" hits="9" branch="false"/>
            <line number="176" hits="9" branch="false"/>
            <line number="177" hits="9" branch="false"/>
            <line number="178" hits="9" branch="false"/>
            <line number="180" hits="9" branch="false"/>
            <line number="183" hits="11" branch="false"/>
            <line number="184" hits="11" branch="false"/>
            <line number="196" hits="1" branch="false"/>
            <line number="197" hits="18" branch="false"/>
            <line number="205" hits="1" branch="false"/>
            <line number="206" hits="7" branch="false"/>
            <line number="207" hits="7" branch="false"/>
            <line number="209" hits="7" branch="false"/>
            <line number="210" hits="7" branch="false"/>
            <line number="211" hits="7" branch="true" condition-coverage="100% (1/1)"/>
            <line number="212" hits="4" branch="false"/>
            <line number="213" hits="8" branch="false"/>
            <line number="218" hits="8" branch="false"/>
            <line number="222" hits="7" branch="true" condition-coverage="100% (4/4)"/>
            <line number="224" hits="3" branch="true" condition-coverage="75% (6/8)"/>
            <line number="225" hits="6" branch="false"/>
            <line number="226" hits="3" branch="false"/>
            <line number="227" hits="3" branch="true" condition-coverage="100% (1/1)"/>
            <line number="228" hits="3" branch="false"/>
            <line number="231" hits="3" branch="false"/>
            <line number="236" hits="4" branch="false"/>
            <line number="246" hits="9" branch="false"/>
            <line number="248" hits="1" branch="false"/>
            <line number="249" hits="1" branch="false"/>
            <line number="250" hits="1" branch="false"/>
            <line number="251" hits="1" branch="false"/>
            <line number="253" hits="2" branch="false"/>
            <line number="256" hits="1" branch="true" condition-coverage="100% (1/1)"/>
            <line number="258" hits="1" branch="false"/>
            <line number="260" hits="1" branch="false"/>
            <line number="262" hits="1" branch="false"/>
            <line number="263" hits="2" branch="true" condition-coverage="100% (1/1)"/>
            <line number="267" hits="1" branch="false"/>
            <line number="269" hits="1" branch="false"/>
            <line number="270" hits="1" branch="false"/>
            <line number="272" hits="1" branch="false"/>
            <line number="273" hits="2" branch="true" condition-coverage="100% (1/1)"/>
            <line number="303" hits="29" branch="false"/>
            <line number="304" hits="29" branch="true" condition-coverage="100% (1/1)"/>
            <line number="306" hits="9" branch="false"/>
            <line number="319" hits="20" branch="true" condition-coverage="100% (2/2)"/>
            <line number="327" hits="6" branch="false"/>
            <line number="342" hits="1" branch="false"/>
            <line number="361" hits="16" branch="false"/>
            <line number="381" hits="1" branch="false"/>
            <line number="383" hits="1" branch="false"/>
          </lines>
        </class>
      </classes>
    </package>
    <package name="src.Components" line-rate="0.9797" branch-rate="0.8906000000000001">
      <classes>
        <class name="BuildResultRow.tsx" filename="src/Components/BuildResultRow.tsx" line-rate="0.9677" branch-rate="0.909">
          <methods>
            <method name="(anonymous_7)" hits="2" signature="()V">
              <lines>
                <line number="8" hits="2"/>
              </lines>
            </method>
            <method name="BuildResultRow" hits="13" signature="()V">
              <lines>
                <line number="12" hits="13"/>
              </lines>
            </method>
            <method name="(anonymous_9)" hits="24" signature="()V">
              <lines>
                <line number="17" hits="24"/>
              </lines>
            </method>
            <method name="(anonymous_10)" hits="23" signature="()V">
              <lines>
                <line number="31" hits="23"/>
              </lines>
            </method>
            <method name="(anonymous_11)" hits="1" signature="()V">
              <lines>
                <line number="42" hits="1"/>
              </lines>
            </method>
            <method name="(anonymous_12)" hits="2" signature="()V">
              <lines>
                <line number="49" hits="2"/>
              </lines>
            </method>
            <method name="(anonymous_13)" hits="23" signature="()V">
              <lines>
                <line number="62" hits="23"/>
              </lines>
            </method>
            <method name="(anonymous_14)" hits="24" signature="()V">
              <lines>
                <line number="81" hits="24"/>
              </lines>
            </method>
          </methods>
          <lines>
            <line number="1" hits="2" branch="false"/>
            <line number="2" hits="2" branch="false"/>
            <line number="3" hits="2" branch="false"/>
            <line number="4" hits="2" branch="false"/>
            <line number="5" hits="2" branch="false"/>
            <line number="6" hits="2" branch="false"/>
            <line number="8" hits="2" branch="false"/>
            <line number="13" hits="13" branch="true" condition-coverage="100% (2/2)"/>
            <line number="14" hits="13" branch="false"/>
            <line number="17" hits="2" branch="false"/>
            <line number="18" hits="24" branch="true" condition-coverage="0% (0/1)"/>
            <line number="19" hits="0" branch="false"/>
            <line number="23" hits="24" branch="false"/>
            <line number="31" hits="2" branch="false"/>
            <line number="32" hits="23" branch="true" condition-coverage="100% (6/6)"/>
            <line number="33" hits="18" branch="false"/>
            <line number="34" hits="1" branch="false"/>
            <line number="35" hits="1" branch="false"/>
            <line number="36" hits="1" branch="false"/>
            <line number="37" hits="1" branch="false"/>
            <line number="38" hits="1" branch="false"/>
            <line number="42" hits="2" branch="false"/>
            <line number="43" hits="1" branch="false"/>
            <line number="50" hits="2" branch="false"/>
            <line number="62" hits="2" branch="false"/>
            <line number="63" hits="23" branch="false"/>
            <line number="81" hits="2" branch="false"/>
            <line number="82" hits="24" branch="true" condition-coverage="100% (2/2)"/>
            <line number="84" hits="1" branch="false"/>
            <line number="87" hits="23" branch="false"/>
            <line number="90" hits="2" branch="false"/>
          </lines>
        </class>
        <class name="StageResultCell.tsx" filename="src/Components/StageResultCell.tsx" line-rate="0.9729000000000001" branch-rate="0.8421">
          <methods>
            <method name="(anonymous_7)" hits="3" signature="()V">
              <lines>
                <line number="6" hits="3"/>
              </lines>
            </method>
            <method name="StageResultCell" hits="14" signature="()V">
              <lines>
                <line number="15" hits="14"/>
              </lines>
            </method>
            <method name="(anonymous_9)" hits="13" signature="()V">
              <lines>
                <line number="27" hits="13"/>
              </lines>
            </method>
            <method name="(anonymous_10)" hits="15" signature="()V">
              <lines>
                <line number="32" hits="15"/>
              </lines>
            </method>
            <method name="(anonymous_11)" hits="13" signature="()V">
              <lines>
                <line number="55" hits="13"/>
              </lines>
            </method>
            <method name="(anonymous_12)" hits="1" signature="()V">
              <lines>
                <line number="84" hits="1"/>
              </lines>
            </method>
            <method name="(anonymous_13)" hits="14" signature="()V">
              <lines>
                <line number="93" hits="14"/>
              </lines>
            </method>
          </methods>
          <lines>
            <line number="1" hits="3" branch="false"/>
            <line number="2" hits="3" branch="false"/>
            <line number="3" hits="3" branch="false"/>
            <line number="4" hits="3" branch="false"/>
            <line number="6" hits="3" branch="false"/>
            <line number="9" hits="14" branch="false"/>
            <line number="16" hits="14" branch="true" condition-coverage="100% (2/2)"/>
            <line number="17" hits="14" branch="false"/>
            <line number="27" hits="3" branch="false"/>
            <line number="28" hits="13" branch="true" condition-coverage="100% (1/1)"/>
            <line number="29" hits="7" branch="true" condition-coverage="100% (1/1)"/>
            <line number="30" hits="1" branch="false"/>
            <line number="32" hits="15" branch="true" condition-coverage="100% (1/1)"/>
            <line number="33" hits="3" branch="false"/>
            <line number="35" hits="3" branch="true" condition-coverage="100% (1/1)"/>
            <line number="36" hits="2" branch="false"/>
            <line number="38" hits="1" branch="true" condition-coverage="100% (1/1)"/>
            <line number="39" hits="1" branch="false"/>
            <line number="43" hits="6" branch="true" condition-coverage="100% (1/1)"/>
            <line number="44" hits="1" branch="false"/>
            <line number="46" hits="5" branch="true" condition-coverage="100% (2/2)"/>
            <line number="47" hits="3" branch="false"/>
            <line number="48" hits="2" branch="true" condition-coverage="100% (2/2)"/>
            <line number="49" hits="1" branch="false"/>
            <line number="51" hits="1" branch="false"/>
            <line number="55" hits="3" branch="false"/>
            <line number="56" hits="13" branch="true" condition-coverage="0% (0/1)"/>
            <line number="58" hits="0" branch="false"/>
            <line number="60" hits="13" branch="false"/>
            <line number="64" hits="13" branch="false"/>
            <line number="84" hits="3" branch="false"/>
            <line number="85" hits="1" branch="false"/>
            <line number="93" hits="3" branch="false"/>
            <line number="94" hits="14" branch="true" condition-coverage="100% (2/2)"/>
            <line number="95" hits="1" branch="false"/>
            <line number="98" hits="13" branch="false"/>
            <line number="101" hits="3" branch="false"/>
          </lines>
        </class>
        <class name="StageStatus.tsx" filename="src/Components/StageStatus.tsx" line-rate="1" branch-rate="0.9117000000000001">
          <methods>
            <method name="(anonymous_9)" hits="4" signature="()V">
              <lines>
                <line number="9" hits="4"/>
              </lines>
            </method>
            <method name="StageStatus" hits="37" signature="()V">
              <lines>
                <line number="10" hits="37"/>
              </lines>
            </method>
            <method name="(anonymous_11)" hits="48" signature="()V">
              <lines>
                <line number="23" hits="48"/>
              </lines>
            </method>
            <method name="(anonymous_12)" hits="48" signature="()V">
              <lines>
                <line number="80" hits="48"/>
              </lines>
            </method>
          </methods>
          <lines>
            <line number="5" hits="4" branch="false"/>
            <line number="6" hits="4" branch="false"/>
            <line number="7" hits="4" branch="false"/>
            <line number="9" hits="4" branch="false"/>
            <line number="11" hits="37" branch="true" condition-coverage="100% (2/2)"/>
            <line number="12" hits="37" branch="false"/>
            <line number="23" hits="4" branch="false"/>
            <line number="25" hits="48" branch="true" condition-coverage="100% (4/4)"/>
            <line number="26" hits="12" branch="true" condition-coverage="100% (2/2)"/>
            <line number="27" hits="3" branch="true" condition-coverage="80% (4/5)"/>
            <line number="28" hits="2" branch="false"/>
            <line number="32" hits="1" branch="false"/>
            <line number="36" hits="9" branch="true" condition-coverage="100% (4/4)"/>
            <line number="38" hits="7" branch="false"/>
            <line number="40" hits="2" branch="true" condition-coverage="100% (3/3)"/>
            <line number="42" hits="1" branch="false"/>
            <line number="44" hits="1" branch="false"/>
            <line number="49" hits="36" branch="true" condition-coverage="100% (1/1)"/>
            <line number="51" hits="4" branch="false"/>
            <line number="55" hits="32" branch="true" condition-coverage="100% (1/1)"/>
            <line number="57" hits="21" branch="false"/>
            <line number="60" hits="11" branch="true" condition-coverage="100% (1/1)"/>
            <line number="61" hits="3" branch="false"/>
            <line number="64" hits="8" branch="true" condition-coverage="100% (1/1)"/>
            <line number="66" hits="3" branch="false"/>
            <line number="69" hits="5" branch="true" condition-coverage="100% (2/2)"/>
            <line number="70" hits="3" branch="false"/>
            <line number="74" hits="2" branch="false"/>
            <line number="80" hits="4" branch="false"/>
            <line number="81" hits="48" branch="false"/>
            <line number="83" hits="4" branch="false"/>
          </lines>
        </class>
      </classes>
    </package>
    <package name="src.Models" line-rate="1" branch-rate="1">
      <classes>
        <class name="BuildWithTimeline.ts" filename="src/Models/BuildWithTimeline.ts" line-rate="1" branch-rate="1">
          <methods>
            <method name="(anonymous_0)" hits="2" signature="()V">
              <lines>
                <line number="3" hits="2"/>
              </lines>
            </method>
            <method name="BuildWithTimeline" hits="17" signature="()V">
              <lines>
                <line number="7" hits="17"/>
              </lines>
            </method>
          </methods>
          <lines>
            <line number="3" hits="2" branch="false"/>
            <line number="8" hits="17" branch="false"/>
            <line number="9" hits="17" branch="false"/>
            <line number="12" hits="2" branch="false"/>
          </lines>
        </class>
      </classes>
    </package>
  </packages>
</coverage>
