{"/home/runner/work/AdoPipelineOverview/AdoPipelineOverview/src/Common.tsx": {"path":"/home/runner/work/AdoPipelineOverview/AdoPipelineOverview/src/Common.tsx","statementMap":{"0":{"start":{"line":6,"column":0},"end":{"line":6,"column":16}},"1":{"start":{"line":1,"column":0},"end":{"line":1,"column":43}},"2":{"start":{"line":2,"column":0},"end":{"line":2,"column":26}},"3":{"start":{"line":4,"column":0},"end":{"line":4,"column":38}},"4":{"start":{"line":7,"column":4},"end":{"line":7,"column":64}},"5":{"start":{"line":10,"column":13},"end":{"line":12,"column":null}}},"fnMap":{"0":{"name":"showRootComponent","decl":{"start":{"line":6,"column":16},"end":{"line":6,"column":33}},"loc":{"start":{"line":6,"column":68},"end":{"line":8,"column":1}}}},"branchMap":{},"s":{"0":3,"1":3,"2":3,"3":3,"4":0,"5":3},"f":{"0":0},"b":{}}
,"/home/runner/work/AdoPipelineOverview/AdoPipelineOverview/src/State.tsx": {"path":"/home/runner/work/AdoPipelineOverview/AdoPipelineOverview/src/State.tsx","statementMap":{"0":{"start":{"line":5,"column":0},"end":{"line":5,"column":13}},"1":{"start":{"line":12,"column":11},"end":{"line":12,"column":40}},"2":{"start":{"line":16,"column":8},"end":{"line":16,"column":57}},"3":{"start":{"line":17,"column":8},"end":{"line":17,"column":39}},"4":{"start":{"line":18,"column":8},"end":{"line":18,"column":45}},"5":{"start":{"line":19,"column":8},"end":{"line":19,"column":37}},"6":{"start":{"line":20,"column":8},"end":{"line":20,"column":37}},"7":{"start":{"line":21,"column":8},"end":{"line":21,"column":37}},"8":{"start":{"line":22,"column":8},"end":{"line":22,"column":75}},"9":{"start":{"line":25,"column":18},"end":{"line":29,"column":null}},"10":{"start":{"line":26,"column":8},"end":{"line":28,"column":25}},"11":{"start":{"line":31,"column":11},"end":{"line":34,"column":null}},"12":{"start":{"line":32,"column":8},"end":{"line":33,"column":100}},"13":{"start":{"line":35,"column":0},"end":{"line":35,"column":null}},"14":{"start":{"line":5,"column":13},"end":{"line":5,"column":40}},"15":{"start":{"line":41,"column":0},"end":{"line":41,"column":13}},"16":{"start":{"line":53,"column":8},"end":{"line":53,"column":66}},"17":{"start":{"line":54,"column":8},"end":{"line":54,"column":49}},"18":{"start":{"line":55,"column":8},"end":{"line":55,"column":39}},"19":{"start":{"line":56,"column":8},"end":{"line":56,"column":37}},"20":{"start":{"line":57,"column":8},"end":{"line":57,"column":37}},"21":{"start":{"line":58,"column":8},"end":{"line":58,"column":114}},"22":{"start":{"line":59,"column":8},"end":{"line":59,"column":null}},"23":{"start":{"line":62,"column":18},"end":{"line":65,"column":null}},"24":{"start":{"line":63,"column":8},"end":{"line":64,"column":31}},"25":{"start":{"line":67,"column":18},"end":{"line":81,"column":null}},"26":{"start":{"line":68,"column":8},"end":{"line":78,"column":9}},"27":{"start":{"line":70,"column":12},"end":{"line":73,"column":13}},"28":{"start":{"line":72,"column":16},"end":{"line":72,"column":68}},"29":{"start":{"line":74,"column":12},"end":{"line":77,"column":13}},"30":{"start":{"line":76,"column":16},"end":{"line":76,"column":78}},"31":{"start":{"line":79,"column":8},"end":{"line":80,"column":115}},"32":{"start":{"line":83,"column":18},"end":{"line":86,"column":null}},"33":{"start":{"line":84,"column":8},"end":{"line":85,"column":76}},"34":{"start":{"line":88,"column":11},"end":{"line":93,"column":null}},"35":{"start":{"line":91,"column":8},"end":{"line":92,"column":103}},"36":{"start":{"line":97,"column":11},"end":{"line":108,"column":null}},"37":{"start":{"line":99,"column":8},"end":{"line":99,"column":86}},"38":{"start":{"line":100,"column":8},"end":{"line":100,"column":58}},"39":{"start":{"line":101,"column":8},"end":{"line":101,"column":48}},"40":{"start":{"line":102,"column":8},"end":{"line":102,"column":46}},"41":{"start":{"line":103,"column":8},"end":{"line":103,"column":46}},"42":{"start":{"line":104,"column":8},"end":{"line":104,"column":74}},"43":{"start":{"line":105,"column":8},"end":{"line":105,"column":64}},"44":{"start":{"line":50,"column":18},"end":{"line":50,"column":null}},"45":{"start":{"line":110,"column":0},"end":{"line":110,"column":null}},"46":{"start":{"line":41,"column":13},"end":{"line":41,"column":37}},"47":{"start":{"line":112,"column":0},"end":{"line":112,"column":13}},"48":{"start":{"line":122,"column":8},"end":{"line":122,"column":61}},"49":{"start":{"line":123,"column":8},"end":{"line":123,"column":77}},"50":{"start":{"line":124,"column":8},"end":{"line":124,"column":49}},"51":{"start":{"line":125,"column":8},"end":{"line":125,"column":39}},"52":{"start":{"line":126,"column":8},"end":{"line":126,"column":37}},"53":{"start":{"line":127,"column":8},"end":{"line":127,"column":37}},"54":{"start":{"line":128,"column":8},"end":{"line":128,"column":99}},"55":{"start":{"line":131,"column":18},"end":{"line":134,"column":null}},"56":{"start":{"line":132,"column":8},"end":{"line":133,"column":25}},"57":{"start":{"line":136,"column":18},"end":{"line":150,"column":null}},"58":{"start":{"line":137,"column":8},"end":{"line":147,"column":9}},"59":{"start":{"line":139,"column":12},"end":{"line":142,"column":13}},"60":{"start":{"line":141,"column":16},"end":{"line":141,"column":68}},"61":{"start":{"line":143,"column":12},"end":{"line":146,"column":13}},"62":{"start":{"line":145,"column":16},"end":{"line":145,"column":78}},"63":{"start":{"line":148,"column":8},"end":{"line":149,"column":86}},"64":{"start":{"line":152,"column":11},"end":{"line":155,"column":null}},"65":{"start":{"line":153,"column":8},"end":{"line":154,"column":72}},"66":{"start":{"line":157,"column":11},"end":{"line":166,"column":null}},"67":{"start":{"line":159,"column":8},"end":{"line":159,"column":70}},"68":{"start":{"line":160,"column":8},"end":{"line":160,"column":76}},"69":{"start":{"line":161,"column":8},"end":{"line":161,"column":58}},"70":{"start":{"line":162,"column":8},"end":{"line":162,"column":48}},"71":{"start":{"line":163,"column":8},"end":{"line":163,"column":46}},"72":{"start":{"line":164,"column":8},"end":{"line":164,"column":46}},"73":{"start":{"line":165,"column":8},"end":{"line":165,"column":64}},"74":{"start":{"line":167,"column":0},"end":{"line":167,"column":null}},"75":{"start":{"line":112,"column":13},"end":{"line":112,"column":24}},"76":{"start":{"line":196,"column":0},"end":{"line":196,"column":13}},"77":{"start":{"line":203,"column":8},"end":{"line":203,"column":37}},"78":{"start":{"line":204,"column":8},"end":{"line":204,"column":27}},"79":{"start":{"line":205,"column":8},"end":{"line":205,"column":37}},"80":{"start":{"line":208,"column":18},"end":{"line":210,"column":null}},"81":{"start":{"line":209,"column":8},"end":{"line":209,"column":88}},"82":{"start":{"line":212,"column":18},"end":{"line":220,"column":null}},"83":{"start":{"line":213,"column":8},"end":{"line":219,"column":9}},"84":{"start":{"line":215,"column":12},"end":{"line":215,"column":44}},"85":{"start":{"line":218,"column":12},"end":{"line":218,"column":30}},"86":{"start":{"line":221,"column":0},"end":{"line":221,"column":null}},"87":{"start":{"line":196,"column":13},"end":{"line":196,"column":32}},"88":{"start":{"line":231,"column":0},"end":{"line":231,"column":13}},"89":{"start":{"line":239,"column":8},"end":{"line":239,"column":45}},"90":{"start":{"line":240,"column":8},"end":{"line":240,"column":43}},"91":{"start":{"line":241,"column":8},"end":{"line":241,"column":37}},"92":{"start":{"line":242,"column":8},"end":{"line":242,"column":41}},"93":{"start":{"line":243,"column":8},"end":{"line":243,"column":null}},"94":{"start":{"line":246,"column":18},"end":{"line":248,"column":null}},"95":{"start":{"line":247,"column":8},"end":{"line":247,"column":156}},"96":{"start":{"line":249,"column":0},"end":{"line":249,"column":null}},"97":{"start":{"line":231,"column":13},"end":{"line":231,"column":33}}},"fnMap":{"0":{"name":"(anonymous_0)","decl":{"start":{"line":5,"column":0},"end":{"line":5,"column":13}},"loc":{"start":{"line":5,"column":0},"end":{"line":35,"column":null}}},"1":{"name":"WidgetConfigurationSettings","decl":{"start":{"line":14,"column":4},"end":{"line":14,"column":16}},"loc":{"start":{"line":15,"column":78},"end":{"line":23,"column":5}}},"2":{"name":"(anonymous_2)","decl":{"start":{"line":25,"column":4},"end":{"line":25,"column":18}},"loc":{"start":{"line":25,"column":4},"end":{"line":29,"column":5}}},"3":{"name":"(anonymous_3)","decl":{"start":{"line":31,"column":4},"end":{"line":31,"column":11}},"loc":{"start":{"line":31,"column":4},"end":{"line":34,"column":5}}},"4":{"name":"(anonymous_4)","decl":{"start":{"line":41,"column":0},"end":{"line":41,"column":13}},"loc":{"start":{"line":41,"column":0},"end":{"line":41,"column":13}}},"5":{"name":"ConfigurationWidgetState","decl":{"start":{"line":52,"column":4},"end":{"line":52,"column":16}},"loc":{"start":{"line":52,"column":203},"end":{"line":60,"column":5}}},"6":{"name":"(anonymous_6)","decl":{"start":{"line":62,"column":4},"end":{"line":62,"column":18}},"loc":{"start":{"line":62,"column":4},"end":{"line":65,"column":5}}},"7":{"name":"(anonymous_7)","decl":{"start":{"line":67,"column":4},"end":{"line":67,"column":18}},"loc":{"start":{"line":67,"column":114},"end":{"line":81,"column":5}}},"8":{"name":"(anonymous_8)","decl":{"start":{"line":83,"column":4},"end":{"line":83,"column":18}},"loc":{"start":{"line":83,"column":103},"end":{"line":86,"column":5}}},"9":{"name":"(anonymous_9)","decl":{"start":{"line":88,"column":4},"end":{"line":88,"column":11}},"loc":{"start":{"line":88,"column":4},"end":{"line":93,"column":5}}},"10":{"name":"(anonymous_10)","decl":{"start":{"line":97,"column":4},"end":{"line":97,"column":11}},"loc":{"start":{"line":97,"column":51},"end":{"line":108,"column":5}}},"11":{"name":"(anonymous_11)","decl":{"start":{"line":112,"column":0},"end":{"line":112,"column":13}},"loc":{"start":{"line":112,"column":0},"end":{"line":167,"column":null}}},"12":{"name":"WidgetState","decl":{"start":{"line":121,"column":4},"end":{"line":121,"column":16}},"loc":{"start":{"line":121,"column":200},"end":{"line":129,"column":5}}},"13":{"name":"(anonymous_13)","decl":{"start":{"line":131,"column":4},"end":{"line":131,"column":18}},"loc":{"start":{"line":131,"column":4},"end":{"line":134,"column":5}}},"14":{"name":"(anonymous_14)","decl":{"start":{"line":136,"column":4},"end":{"line":136,"column":18}},"loc":{"start":{"line":136,"column":114},"end":{"line":150,"column":5}}},"15":{"name":"(anonymous_15)","decl":{"start":{"line":152,"column":4},"end":{"line":152,"column":11}},"loc":{"start":{"line":152,"column":4},"end":{"line":155,"column":5}}},"16":{"name":"(anonymous_16)","decl":{"start":{"line":157,"column":4},"end":{"line":157,"column":11}},"loc":{"start":{"line":157,"column":38},"end":{"line":166,"column":5}}},"17":{"name":"(anonymous_17)","decl":{"start":{"line":196,"column":0},"end":{"line":196,"column":13}},"loc":{"start":{"line":196,"column":0},"end":{"line":221,"column":null}}},"18":{"name":"BuildResultRowState","decl":{"start":{"line":202,"column":4},"end":{"line":202,"column":16}},"loc":{"start":{"line":202,"column":81},"end":{"line":206,"column":5}}},"19":{"name":"(anonymous_19)","decl":{"start":{"line":208,"column":4},"end":{"line":208,"column":18}},"loc":{"start":{"line":208,"column":71},"end":{"line":210,"column":5}}},"20":{"name":"(anonymous_20)","decl":{"start":{"line":212,"column":4},"end":{"line":212,"column":18}},"loc":{"start":{"line":212,"column":97},"end":{"line":220,"column":5}}},"21":{"name":"(anonymous_21)","decl":{"start":{"line":231,"column":0},"end":{"line":231,"column":13}},"loc":{"start":{"line":231,"column":0},"end":{"line":249,"column":null}}},"22":{"name":"StageResultCellState","decl":{"start":{"line":238,"column":4},"end":{"line":238,"column":16}},"loc":{"start":{"line":238,"column":186},"end":{"line":244,"column":5}}},"23":{"name":"(anonymous_23)","decl":{"start":{"line":246,"column":4},"end":{"line":246,"column":18}},"loc":{"start":{"line":246,"column":72},"end":{"line":248,"column":5}}}},"branchMap":{"0":{"loc":{"start":{"line":22,"column":27},"end":{"line":22,"column":74}},"type":"cond-expr","locations":[{"start":{"line":22,"column":55},"end":{"line":22,"column":60}},{"start":{"line":22,"column":63},"end":{"line":22,"column":74}}]},"1":{"loc":{"start":{"line":33,"column":39},"end":{"line":33,"column":63}},"type":"cond-expr","locations":[{"start":{"line":33,"column":54},"end":{"line":33,"column":58}},{"start":{"line":33,"column":58},"end":{"line":33,"column":63}}]},"2":{"loc":{"start":{"line":33,"column":39},"end":{"line":33,"column":58}},"type":"binary-expr","locations":[{"start":{"line":33,"column":39},"end":{"line":33,"column":58}},{"start":{"line":33,"column":54},"end":{"line":33,"column":58}}]},"3":{"loc":{"start":{"line":58,"column":40},"end":{"line":58,"column":113}},"type":"cond-expr","locations":[{"start":{"line":58,"column":81},"end":{"line":58,"column":86}},{"start":{"line":58,"column":89},"end":{"line":58,"column":113}}]},"4":{"loc":{"start":{"line":59,"column":35},"end":{"line":59,"column":98}},"type":"cond-expr","locations":[{"start":{"line":59,"column":71},"end":{"line":59,"column":76}},{"start":{"line":59,"column":79},"end":{"line":59,"column":98}}]},"5":{"loc":{"start":{"line":68,"column":8},"end":{"line":78,"column":9}},"type":"if","locations":[{"start":{"line":68,"column":8},"end":{"line":78,"column":9}}]},"6":{"loc":{"start":{"line":68,"column":11},"end":{"line":68,"column":49}},"type":"binary-expr","locations":[{"start":{"line":68,"column":11},"end":{"line":68,"column":30}},{"start":{"line":68,"column":30},"end":{"line":68,"column":49}}]},"7":{"loc":{"start":{"line":68,"column":12},"end":{"line":68,"column":26}},"type":"cond-expr","locations":[{"start":{"line":68,"column":19},"end":{"line":68,"column":21}},{"start":{"line":68,"column":12},"end":{"line":68,"column":26}}]},"8":{"loc":{"start":{"line":68,"column":12},"end":{"line":68,"column":21}},"type":"binary-expr","locations":[{"start":{"line":68,"column":12},"end":{"line":68,"column":21}},{"start":{"line":68,"column":12},"end":{"line":68,"column":21}}]},"9":{"loc":{"start":{"line":70,"column":12},"end":{"line":73,"column":13}},"type":"if","locations":[{"start":{"line":70,"column":12},"end":{"line":73,"column":13}}]},"10":{"loc":{"start":{"line":74,"column":12},"end":{"line":77,"column":13}},"type":"if","locations":[{"start":{"line":74,"column":12},"end":{"line":77,"column":13}}]},"11":{"loc":{"start":{"line":79,"column":102},"end":{"line":79,"column":130}},"type":"cond-expr","locations":[{"start":{"line":79,"column":121},"end":{"line":79,"column":125}},{"start":{"line":79,"column":125},"end":{"line":79,"column":130}}]},"12":{"loc":{"start":{"line":79,"column":102},"end":{"line":79,"column":125}},"type":"binary-expr","locations":[{"start":{"line":79,"column":102},"end":{"line":79,"column":125}},{"start":{"line":79,"column":121},"end":{"line":79,"column":125}}]},"13":{"loc":{"start":{"line":128,"column":35},"end":{"line":128,"column":98}},"type":"cond-expr","locations":[{"start":{"line":128,"column":71},"end":{"line":128,"column":76}},{"start":{"line":128,"column":79},"end":{"line":128,"column":98}}]},"14":{"loc":{"start":{"line":137,"column":8},"end":{"line":147,"column":9}},"type":"if","locations":[{"start":{"line":137,"column":8},"end":{"line":147,"column":9}}]},"15":{"loc":{"start":{"line":137,"column":11},"end":{"line":137,"column":49}},"type":"binary-expr","locations":[{"start":{"line":137,"column":11},"end":{"line":137,"column":30}},{"start":{"line":137,"column":30},"end":{"line":137,"column":49}}]},"16":{"loc":{"start":{"line":137,"column":12},"end":{"line":137,"column":26}},"type":"cond-expr","locations":[{"start":{"line":137,"column":19},"end":{"line":137,"column":21}},{"start":{"line":137,"column":12},"end":{"line":137,"column":26}}]},"17":{"loc":{"start":{"line":137,"column":12},"end":{"line":137,"column":21}},"type":"binary-expr","locations":[{"start":{"line":137,"column":12},"end":{"line":137,"column":21}},{"start":{"line":137,"column":12},"end":{"line":137,"column":21}}]},"18":{"loc":{"start":{"line":139,"column":12},"end":{"line":142,"column":13}},"type":"if","locations":[{"start":{"line":139,"column":12},"end":{"line":142,"column":13}}]},"19":{"loc":{"start":{"line":143,"column":12},"end":{"line":146,"column":13}},"type":"if","locations":[{"start":{"line":143,"column":12},"end":{"line":146,"column":13}}]},"20":{"loc":{"start":{"line":148,"column":104},"end":{"line":148,"column":132}},"type":"cond-expr","locations":[{"start":{"line":148,"column":123},"end":{"line":148,"column":127}},{"start":{"line":148,"column":127},"end":{"line":148,"column":132}}]},"21":{"loc":{"start":{"line":148,"column":104},"end":{"line":148,"column":127}},"type":"binary-expr","locations":[{"start":{"line":148,"column":104},"end":{"line":148,"column":127}},{"start":{"line":148,"column":123},"end":{"line":148,"column":127}}]},"22":{"loc":{"start":{"line":153,"column":115},"end":{"line":153,"column":140}},"type":"cond-expr","locations":[{"start":{"line":153,"column":131},"end":{"line":153,"column":135}},{"start":{"line":153,"column":135},"end":{"line":153,"column":140}}]},"23":{"loc":{"start":{"line":153,"column":115},"end":{"line":153,"column":135}},"type":"binary-expr","locations":[{"start":{"line":153,"column":115},"end":{"line":153,"column":135}},{"start":{"line":153,"column":131},"end":{"line":153,"column":135}}]},"24":{"loc":{"start":{"line":213,"column":8},"end":{"line":219,"column":9}},"type":"if","locations":[{"start":{"line":213,"column":8},"end":{"line":219,"column":9}},{"start":{"line":217,"column":13},"end":{"line":219,"column":9}}]},"25":{"loc":{"start":{"line":213,"column":11},"end":{"line":213,"column":85}},"type":"binary-expr","locations":[{"start":{"line":213,"column":11},"end":{"line":213,"column":20}},{"start":{"line":213,"column":24},"end":{"line":213,"column":42}},{"start":{"line":213,"column":47},"end":{"line":213,"column":85}}]}},"s":{"0":5,"1":87,"2":87,"3":87,"4":87,"5":87,"6":87,"7":87,"8":87,"9":5,"10":2,"11":5,"12":7,"13":5,"14":5,"15":5,"16":45,"17":45,"18":45,"19":45,"20":45,"21":45,"22":45,"23":5,"24":23,"25":5,"26":17,"27":17,"28":0,"29":17,"30":0,"31":17,"32":5,"33":69,"34":5,"35":1,"36":5,"37":1,"38":1,"39":1,"40":1,"41":1,"42":1,"43":1,"44":5,"45":5,"46":5,"47":5,"48":32,"49":32,"50":32,"51":32,"52":32,"53":32,"54":32,"55":5,"56":15,"57":5,"58":15,"59":15,"60":0,"61":15,"62":0,"63":15,"64":5,"65":1,"66":5,"67":14,"68":14,"69":14,"70":14,"71":14,"72":14,"73":14,"74":5,"75":5,"76":5,"77":14,"78":14,"79":14,"80":5,"81":14,"82":5,"83":4,"84":2,"85":2,"86":5,"87":5,"88":5,"89":17,"90":17,"91":17,"92":17,"93":17,"94":5,"95":17,"96":5,"97":5},"f":{"0":5,"1":87,"2":2,"3":7,"4":5,"5":45,"6":23,"7":17,"8":69,"9":1,"10":1,"11":5,"12":32,"13":15,"14":15,"15":1,"16":14,"17":5,"18":14,"19":14,"20":4,"21":5,"22":17,"23":17},"b":{"0":[0,87],"1":[7,0],"2":[7,7],"3":[0,45],"4":[0,45],"5":[17],"6":[17,0],"7":[17,0],"8":[17,17],"9":[0],"10":[0],"11":[17,0],"12":[17,17],"13":[0,32],"14":[15],"15":[15,0],"16":[15,0],"17":[15,15],"18":[0],"19":[0],"20":[15,0],"21":[15,15],"22":[1,0],"23":[1,1],"24":[2,2],"25":[4,3,2]}}
,"/home/runner/work/AdoPipelineOverview/AdoPipelineOverview/src/configuration.tsx": {"path":"/home/runner/work/AdoPipelineOverview/AdoPipelineOverview/src/configuration.tsx","statementMap":{"0":{"start":{"line":1,"column":0},"end":{"line":1,"column":50}},"1":{"start":{"line":2,"column":0},"end":{"line":2,"column":64}},"2":{"start":{"line":3,"column":0},"end":{"line":3,"column":50}},"3":{"start":{"line":4,"column":0},"end":{"line":4,"column":48}},"4":{"start":{"line":5,"column":0},"end":{"line":5,"column":null}},"5":{"start":{"line":12,"column":0},"end":{"line":12,"column":31}},"6":{"start":{"line":13,"column":0},"end":{"line":13,"column":null}},"7":{"start":{"line":17,"column":0},"end":{"line":17,"column":43}},"8":{"start":{"line":18,"column":0},"end":{"line":18,"column":29}},"9":{"start":{"line":20,"column":0},"end":{"line":20,"column":null}},"10":{"start":{"line":24,"column":0},"end":{"line":24,"column":70}},"11":{"start":{"line":25,"column":0},"end":{"line":25,"column":108}},"12":{"start":{"line":26,"column":0},"end":{"line":26,"column":52}},"13":{"start":{"line":27,"column":0},"end":{"line":27,"column":50}},"14":{"start":{"line":28,"column":0},"end":{"line":28,"column":83}},"15":{"start":{"line":29,"column":0},"end":{"line":29,"column":86}},"16":{"start":{"line":30,"column":0},"end":{"line":30,"column":43}},"17":{"start":{"line":31,"column":0},"end":{"line":31,"column":60}},"18":{"start":{"line":33,"column":0},"end":{"line":33,"column":90}},"19":{"start":{"line":33,"column":41},"end":{"line":33,"column":46}},"20":{"start":{"line":53,"column":8},"end":{"line":53,"column":null}},"21":{"start":{"line":36,"column":12},"end":{"line":36,"column":27}},"22":{"start":{"line":37,"column":12},"end":{"line":37,"column":55}},"23":{"start":{"line":38,"column":12},"end":{"line":38,"column":70}},"24":{"start":{"line":39,"column":12},"end":{"line":39,"column":69}},"25":{"start":{"line":40,"column":12},"end":{"line":40,"column":72}},"26":{"start":{"line":44,"column":12},"end":{"line":44,"column":46}},"27":{"start":{"line":46,"column":12},"end":{"line":46,"column":43}},"28":{"start":{"line":350,"column":12},"end":{"line":370,"column":6}},"29":{"start":{"line":350,"column":116},"end":{"line":370,"column":6}},"30":{"start":{"line":351,"column":8},"end":{"line":351,"column":50}},"31":{"start":{"line":352,"column":8},"end":{"line":352,"column":47}},"32":{"start":{"line":353,"column":8},"end":{"line":357,"column":11}},"33":{"start":{"line":358,"column":8},"end":{"line":358,"column":73}},"34":{"start":{"line":359,"column":8},"end":{"line":359,"column":93}},"35":{"start":{"line":360,"column":8},"end":{"line":363,"column":11}},"36":{"start":{"line":364,"column":8},"end":{"line":365,"column":124}},"37":{"start":{"line":365,"column":12},"end":{"line":365,"column":123}},"38":{"start":{"line":366,"column":8},"end":{"line":366,"column":126}},"39":{"start":{"line":367,"column":8},"end":{"line":367,"column":38}},"40":{"start":{"line":369,"column":8},"end":{"line":369,"column":95}},"41":{"start":{"line":377,"column":12},"end":{"line":391,"column":null}},"42":{"start":{"line":378,"column":8},"end":{"line":385,"column":9}},"43":{"start":{"line":380,"column":12},"end":{"line":380,"column":19}},"44":{"start":{"line":382,"column":13},"end":{"line":385,"column":9}},"45":{"start":{"line":384,"column":12},"end":{"line":384,"column":19}},"46":{"start":{"line":386,"column":8},"end":{"line":389,"column":11}},"47":{"start":{"line":390,"column":8},"end":{"line":390,"column":44}},"48":{"start":{"line":398,"column":12},"end":{"line":403,"column":6}},"49":{"start":{"line":399,"column":8},"end":{"line":401,"column":11}},"50":{"start":{"line":402,"column":8},"end":{"line":402,"column":44}},"51":{"start":{"line":410,"column":12},"end":{"line":424,"column":6}},"52":{"start":{"line":411,"column":29},"end":{"line":411,"column":31}},"53":{"start":{"line":412,"column":8},"end":{"line":417,"column":9}},"54":{"start":{"line":412,"column":20},"end":{"line":412,"column":21}},"55":{"start":{"line":413,"column":35},"end":{"line":413,"column":77}},"56":{"start":{"line":414,"column":12},"end":{"line":416,"column":13}},"57":{"start":{"line":414,"column":24},"end":{"line":414,"column":49}},"58":{"start":{"line":415,"column":16},"end":{"line":415,"column":63}},"59":{"start":{"line":418,"column":8},"end":{"line":420,"column":9}},"60":{"start":{"line":419,"column":12},"end":{"line":419,"column":84}},"61":{"start":{"line":421,"column":8},"end":{"line":423,"column":11}},"62":{"start":{"line":447,"column":12},"end":{"line":464,"column":null}},"63":{"start":{"line":449,"column":26},"end":{"line":449,"column":28}},"64":{"start":{"line":450,"column":8},"end":{"line":456,"column":9}},"65":{"start":{"line":450,"column":20},"end":{"line":450,"column":21}},"66":{"start":{"line":451,"column":35},"end":{"line":451,"column":74}},"67":{"start":{"line":452,"column":12},"end":{"line":455,"column":13}},"68":{"start":{"line":452,"column":24},"end":{"line":452,"column":49}},"69":{"start":{"line":454,"column":16},"end":{"line":454,"column":57}},"70":{"start":{"line":457,"column":8},"end":{"line":460,"column":9}},"71":{"start":{"line":459,"column":12},"end":{"line":459,"column":75}},"72":{"start":{"line":461,"column":8},"end":{"line":463,"column":11}},"73":{"start":{"line":474,"column":12},"end":{"line":478,"column":null}},"74":{"start":{"line":475,"column":8},"end":{"line":477,"column":null}},"75":{"start":{"line":54,"column":8},"end":{"line":54,"column":63}},"76":{"start":{"line":59,"column":11},"end":{"line":68,"column":null}},"77":{"start":{"line":59,"column":4},"end":{"line":59,"column":11}},"78":{"start":{"line":60,"column":8},"end":{"line":67,"column":null}},"79":{"start":{"line":62,"column":12},"end":{"line":63,"column":null}},"80":{"start":{"line":64,"column":12},"end":{"line":64,"column":null}},"81":{"start":{"line":65,"column":12},"end":{"line":65,"column":null}},"82":{"start":{"line":70,"column":4},"end":{"line":78,"column":null}},"83":{"start":{"line":71,"column":8},"end":{"line":77,"column":9}},"84":{"start":{"line":72,"column":12},"end":{"line":72,"column":48}},"85":{"start":{"line":76,"column":12},"end":{"line":76,"column":null}},"86":{"start":{"line":80,"column":10},"end":{"line":82,"column":null}},"87":{"start":{"line":81,"column":15},"end":{"line":81,"column":50}},"88":{"start":{"line":81,"column":8},"end":{"line":81,"column":50}},"89":{"start":{"line":84,"column":10},"end":{"line":86,"column":null}},"90":{"start":{"line":85,"column":8},"end":{"line":85,"column":44}},"91":{"start":{"line":88,"column":10},"end":{"line":101,"column":null}},"92":{"start":{"line":93,"column":12},"end":{"line":93,"column":73}},"93":{"start":{"line":94,"column":12},"end":{"line":94,"column":66}},"94":{"start":{"line":95,"column":12},"end":{"line":95,"column":48}},"95":{"start":{"line":97,"column":12},"end":{"line":97,"column":null}},"96":{"start":{"line":98,"column":12},"end":{"line":98,"column":69}},"97":{"start":{"line":103,"column":10},"end":{"line":113,"column":null}},"98":{"start":{"line":107,"column":12},"end":{"line":107,"column":66}},"99":{"start":{"line":108,"column":12},"end":{"line":108,"column":48}},"100":{"start":{"line":110,"column":12},"end":{"line":110,"column":null}},"101":{"start":{"line":111,"column":12},"end":{"line":111,"column":69}},"102":{"start":{"line":124,"column":18},"end":{"line":141,"column":null}},"103":{"start":{"line":125,"column":14},"end":{"line":125,"column":60}},"104":{"start":{"line":126,"column":11},"end":{"line":126,"column":19}},"105":{"start":{"line":128,"column":12},"end":{"line":128,"column":41}},"106":{"start":{"line":131,"column":18},"end":{"line":131,"column":86}},"107":{"start":{"line":132,"column":12},"end":{"line":132,"column":78}},"108":{"start":{"line":134,"column":12},"end":{"line":137,"column":19}},"109":{"start":{"line":135,"column":16},"end":{"line":137,"column":18}},"110":{"start":{"line":136,"column":20},"end":{"line":136,"column":49}},"111":{"start":{"line":149,"column":18},"end":{"line":199,"column":null}},"112":{"start":{"line":150,"column":8},"end":{"line":150,"column":30}},"113":{"start":{"line":151,"column":8},"end":{"line":151,"column":50}},"114":{"start":{"line":152,"column":14},"end":{"line":152,"column":67}},"115":{"start":{"line":154,"column":35},"end":{"line":155,"column":null}},"116":{"start":{"line":154,"column":14},"end":{"line":155,"column":null}},"117":{"start":{"line":157,"column":14},"end":{"line":159,"column":75}},"118":{"start":{"line":157,"column":65},"end":{"line":158,"column":54}},"119":{"start":{"line":159,"column":44},"end":{"line":159,"column":74}},"120":{"start":{"line":161,"column":8},"end":{"line":161,"column":107}},"121":{"start":{"line":163,"column":8},"end":{"line":170,"column":11}},"122":{"start":{"line":164,"column":43},"end":{"line":167,"column":null}},"123":{"start":{"line":168,"column":12},"end":{"line":168,"column":43}},"124":{"start":{"line":169,"column":12},"end":{"line":169,"column":53}},"125":{"start":{"line":173,"column":8},"end":{"line":194,"column":9}},"126":{"start":{"line":174,"column":18},"end":{"line":175,"column":90}},"127":{"start":{"line":175,"column":16},"end":{"line":175,"column":89}},"128":{"start":{"line":176,"column":16},"end":{"line":176,"column":33}},"129":{"start":{"line":178,"column":30},"end":{"line":178,"column":91}},"130":{"start":{"line":178,"column":67},"end":{"line":178,"column":91}},"131":{"start":{"line":179,"column":16},"end":{"line":182,"column":17}},"132":{"start":{"line":180,"column":20},"end":{"line":180,"column":36}},"133":{"start":{"line":181,"column":20},"end":{"line":181,"column":91}},"134":{"start":{"line":177,"column":12},"end":{"line":183,"column":null}},"135":{"start":{"line":177,"column":23},"end":{"line":177,"column":38}},"136":{"start":{"line":184,"column":12},"end":{"line":191,"column":13}},"137":{"start":{"line":185,"column":16},"end":{"line":188,"column":19}},"138":{"start":{"line":187,"column":24},"end":{"line":187,"column":69}},"139":{"start":{"line":187,"column":54},"end":{"line":187,"column":68}},"140":{"start":{"line":190,"column":16},"end":{"line":190,"column":59}},"141":{"start":{"line":193,"column":12},"end":{"line":193,"column":55}},"142":{"start":{"line":196,"column":8},"end":{"line":198,"column":11}},"143":{"start":{"line":205,"column":18},"end":{"line":250,"column":null}},"144":{"start":{"line":206,"column":14},"end":{"line":206,"column":72}},"145":{"start":{"line":207,"column":21},"end":{"line":207,"column":null}},"146":{"start":{"line":207,"column":14},"end":{"line":207,"column":null}},"147":{"start":{"line":209,"column":8},"end":{"line":209,"column":91}},"148":{"start":{"line":210,"column":8},"end":{"line":210,"column":27}},"149":{"start":{"line":211,"column":8},"end":{"line":220,"column":9}},"150":{"start":{"line":212,"column":12},"end":{"line":219,"column":15}},"151":{"start":{"line":213,"column":47},"end":{"line":216,"column":18}},"152":{"start":{"line":218,"column":16},"end":{"line":218,"column":44}},"153":{"start":{"line":222,"column":12},"end":{"line":222,"column":39}},"154":{"start":{"line":224,"column":8},"end":{"line":241,"column":9}},"155":{"start":{"line":226,"column":18},"end":{"line":226,"column":63}},"156":{"start":{"line":228,"column":30},"end":{"line":228,"column":80}},"157":{"start":{"line":228,"column":64},"end":{"line":228,"column":80}},"158":{"start":{"line":229,"column":16},"end":{"line":232,"column":17}},"159":{"start":{"line":230,"column":20},"end":{"line":230,"column":36}},"160":{"start":{"line":231,"column":20},"end":{"line":231,"column":88}},"161":{"start":{"line":227,"column":12},"end":{"line":233,"column":null}},"162":{"start":{"line":227,"column":23},"end":{"line":227,"column":30}},"163":{"start":{"line":234,"column":12},"end":{"line":239,"column":13}},"164":{"start":{"line":236,"column":16},"end":{"line":238,"column":19}},"165":{"start":{"line":242,"column":8},"end":{"line":247,"column":9}},"166":{"start":{"line":244,"column":12},"end":{"line":246,"column":15}},"167":{"start":{"line":256,"column":18},"end":{"line":284,"column":null}},"168":{"start":{"line":257,"column":31},"end":{"line":257,"column":null}},"169":{"start":{"line":257,"column":14},"end":{"line":257,"column":null}},"170":{"start":{"line":258,"column":8},"end":{"line":258,"column":null}},"171":{"start":{"line":259,"column":24},"end":{"line":259,"column":null}},"172":{"start":{"line":259,"column":14},"end":{"line":259,"column":null}},"173":{"start":{"line":260,"column":8},"end":{"line":260,"column":null}},"174":{"start":{"line":261,"column":8},"end":{"line":261,"column":38}},"175":{"start":{"line":262,"column":14},"end":{"line":262,"column":72}},"176":{"start":{"line":263,"column":33},"end":{"line":264,"column":null}},"177":{"start":{"line":263,"column":14},"end":{"line":264,"column":null}},"178":{"start":{"line":267,"column":8},"end":{"line":283,"column":12}},"179":{"start":{"line":267,"column":64},"end":{"line":283,"column":10}},"180":{"start":{"line":268,"column":12},"end":{"line":272,"column":15}},"181":{"start":{"line":273,"column":15},"end":{"line":273,"column":25}},"182":{"start":{"line":275,"column":16},"end":{"line":275,"column":69}},"183":{"start":{"line":276,"column":16},"end":{"line":278,"column":19}},"184":{"start":{"line":279,"column":16},"end":{"line":280,"column":49}},"185":{"start":{"line":281,"column":16},"end":{"line":281,"column":46}},"186":{"start":{"line":290,"column":18},"end":{"line":339,"column":null}},"187":{"start":{"line":293,"column":16},"end":{"line":293,"column":57}},"188":{"start":{"line":294,"column":12},"end":{"line":298,"column":13}},"189":{"start":{"line":295,"column":16},"end":{"line":297,"column":31}},"190":{"start":{"line":296,"column":30},"end":{"line":296,"column":103}},"191":{"start":{"line":299,"column":16},"end":{"line":300,"column":null}},"192":{"start":{"line":301,"column":12},"end":{"line":301,"column":51}},"193":{"start":{"line":302,"column":16},"end":{"line":302,"column":34}},"194":{"start":{"line":303,"column":12},"end":{"line":306,"column":13}},"195":{"start":{"line":305,"column":16},"end":{"line":305,"column":78}},"196":{"start":{"line":307,"column":12},"end":{"line":310,"column":13}},"197":{"start":{"line":309,"column":16},"end":{"line":309,"column":74}},"198":{"start":{"line":311,"column":12},"end":{"line":314,"column":13}},"199":{"start":{"line":313,"column":16},"end":{"line":313,"column":78}},"200":{"start":{"line":315,"column":12},"end":{"line":318,"column":13}},"201":{"start":{"line":317,"column":16},"end":{"line":317,"column":91}},"202":{"start":{"line":319,"column":15},"end":{"line":319,"column":27}},"203":{"start":{"line":321,"column":16},"end":{"line":322,"column":34}},"204":{"start":{"line":323,"column":16},"end":{"line":323,"column":57}},"205":{"start":{"line":326,"column":22},"end":{"line":328,"column":18}},"206":{"start":{"line":329,"column":16},"end":{"line":329,"column":56}},"207":{"start":{"line":330,"column":16},"end":{"line":331,"column":61}},"208":{"start":{"line":332,"column":16},"end":{"line":332,"column":70}},"209":{"start":{"line":336,"column":12},"end":{"line":336,"column":29}},"210":{"start":{"line":337,"column":12},"end":{"line":337,"column":53}},"211":{"start":{"line":426,"column":12},"end":{"line":429,"column":null}},"212":{"start":{"line":427,"column":8},"end":{"line":427,"column":50}},"213":{"start":{"line":428,"column":8},"end":{"line":428,"column":51}},"214":{"start":{"line":431,"column":12},"end":{"line":439,"column":null}},"215":{"start":{"line":432,"column":8},"end":{"line":434,"column":9}},"216":{"start":{"line":433,"column":12},"end":{"line":433,"column":19}},"217":{"start":{"line":435,"column":8},"end":{"line":435,"column":50}},"218":{"start":{"line":436,"column":8},"end":{"line":436,"column":89}},"219":{"start":{"line":437,"column":28},"end":{"line":437,"column":85}},"220":{"start":{"line":437,"column":57},"end":{"line":437,"column":75}},"221":{"start":{"line":438,"column":8},"end":{"line":438,"column":57}},"222":{"start":{"line":466,"column":12},"end":{"line":472,"column":null}},"223":{"start":{"line":468,"column":8},"end":{"line":468,"column":47}},"224":{"start":{"line":469,"column":8},"end":{"line":471,"column":11}},"225":{"start":{"line":484,"column":12},"end":{"line":486,"column":null}},"226":{"start":{"line":485,"column":8},"end":{"line":485,"column":42}},"227":{"start":{"line":492,"column":11},"end":{"line":596,"column":null}},"228":{"start":{"line":492,"column":4},"end":{"line":492,"column":11}},"229":{"start":{"line":493,"column":8},"end":{"line":595,"column":null}},"230":{"start":{"line":524,"column":42},"end":{"line":524,"column":76}},"231":{"start":{"line":533,"column":42},"end":{"line":533,"column":87}},"232":{"start":{"line":539,"column":82},"end":{"line":539,"column":111}},"233":{"start":{"line":568,"column":42},"end":{"line":568,"column":84}},"234":{"start":{"line":599,"column":0},"end":{"line":599,"column":null}},"235":{"start":{"line":33,"column":13},"end":{"line":33,"column":32}},"236":{"start":{"line":601,"column":0},"end":{"line":601,"column":42}}},"fnMap":{"0":{"name":"(anonymous_28)","decl":{"start":{"line":33,"column":0},"end":{"line":33,"column":13}},"loc":{"start":{"line":33,"column":0},"end":{"line":599,"column":null}}},"1":{"name":"ConfigurationWidget","decl":{"start":{"line":52,"column":4},"end":{"line":52,"column":16}},"loc":{"start":{"line":52,"column":30},"end":{"line":55,"column":5}}},"2":{"name":"(anonymous_30)","decl":{"start":{"line":350,"column":36},"end":{"line":350,"column":43}},"loc":{"start":{"line":350,"column":116},"end":{"line":370,"column":6}}},"3":{"name":"(anonymous_31)","decl":{"start":{"line":350,"column":116},"end":{"line":350,"column":null}},"loc":{"start":{"line":350,"column":116},"end":{"line":370,"column":6}}},"4":{"name":"(anonymous_33)","decl":{"start":{"line":364,"column":40},"end":{"line":364,"column":41}},"loc":{"start":{"line":364,"column":41},"end":{"line":365,"column":18}}},"5":{"name":"(anonymous_34)","decl":{"start":{"line":377,"column":34},"end":{"line":377,"column":35}},"loc":{"start":{"line":377,"column":120},"end":{"line":391,"column":5}}},"6":{"name":"(anonymous_35)","decl":{"start":{"line":398,"column":34},"end":{"line":398,"column":35}},"loc":{"start":{"line":398,"column":139},"end":{"line":403,"column":5}}},"7":{"name":"(anonymous_36)","decl":{"start":{"line":410,"column":37},"end":{"line":410,"column":38}},"loc":{"start":{"line":410,"column":112},"end":{"line":424,"column":5}}},"8":{"name":"(anonymous_37)","decl":{"start":{"line":447,"column":34},"end":{"line":447,"column":35}},"loc":{"start":{"line":447,"column":109},"end":{"line":464,"column":5}}},"9":{"name":"(anonymous_38)","decl":{"start":{"line":474,"column":32},"end":{"line":474,"column":33}},"loc":{"start":{"line":474,"column":92},"end":{"line":478,"column":5}}},"10":{"name":"(anonymous_39)","decl":{"start":{"line":59,"column":4},"end":{"line":59,"column":11}},"loc":{"start":{"line":59,"column":4},"end":{"line":68,"column":5}}},"11":{"name":"(anonymous_40)","decl":{"start":{"line":60,"column":24},"end":{"line":60,"column":null}},"loc":{"start":{"line":60,"column":24},"end":{"line":67,"column":9}}},"12":{"name":"(anonymous_41)","decl":{"start":{"line":70,"column":4},"end":{"line":70,"column":22}},"loc":{"start":{"line":70,"column":116},"end":{"line":78,"column":5}}},"13":{"name":"(anonymous_42)","decl":{"start":{"line":80,"column":4},"end":{"line":80,"column":10}},"loc":{"start":{"line":80,"column":4},"end":{"line":82,"column":null}}},"14":{"name":"(anonymous_45)","decl":{"start":{"line":84,"column":4},"end":{"line":84,"column":10}},"loc":{"start":{"line":84,"column":49},"end":{"line":86,"column":null}}},"15":{"name":"(anonymous_48)","decl":{"start":{"line":88,"column":4},"end":{"line":88,"column":10}},"loc":{"start":{"line":90,"column":63},"end":{"line":101,"column":null}}},"16":{"name":"(anonymous_51)","decl":{"start":{"line":103,"column":4},"end":{"line":103,"column":10}},"loc":{"start":{"line":104,"column":38},"end":{"line":113,"column":null}}},"17":{"name":"(anonymous_54)","decl":{"start":{"line":124,"column":4},"end":{"line":124,"column":18}},"loc":{"start":{"line":124,"column":75},"end":{"line":141,"column":null}}},"18":{"name":"(anonymous_57)","decl":{"start":{"line":135,"column":16},"end":{"line":135,"column":null}},"loc":{"start":{"line":135,"column":16},"end":{"line":137,"column":18}}},"19":{"name":"(anonymous_60)","decl":{"start":{"line":149,"column":4},"end":{"line":149,"column":18}},"loc":{"start":{"line":149,"column":90},"end":{"line":199,"column":null}}},"20":{"name":"(anonymous_63)","decl":{"start":{"line":157,"column":53},"end":{"line":157,"column":54}},"loc":{"start":{"line":157,"column":60},"end":{"line":157,"column":75}}},"21":{"name":"(anonymous_64)","decl":{"start":{"line":159,"column":20},"end":{"line":159,"column":21}},"loc":{"start":{"line":159,"column":39},"end":{"line":159,"column":48}}},"22":{"name":"(anonymous_65)","decl":{"start":{"line":163,"column":30},"end":{"line":163,"column":36}},"loc":{"start":{"line":163,"column":36},"end":{"line":170,"column":9}}},"23":{"name":"(anonymous_66)","decl":{"start":{"line":174,"column":61},"end":{"line":174,"column":62}},"loc":{"start":{"line":174,"column":62},"end":{"line":175,"column":17}}},"24":{"name":"(anonymous_68)","decl":{"start":{"line":178,"column":57},"end":{"line":178,"column":58}},"loc":{"start":{"line":178,"column":62},"end":{"line":178,"column":71}}},"25":{"name":"(anonymous_69)","decl":{"start":{"line":186,"column":59},"end":{"line":186,"column":60}},"loc":{"start":{"line":186,"column":60},"end":{"line":187,"column":28}}},"26":{"name":"(anonymous_70)","decl":{"start":{"line":187,"column":46},"end":{"line":187,"column":50}},"loc":{"start":{"line":187,"column":50},"end":{"line":187,"column":58}}},"27":{"name":"(anonymous_71)","decl":{"start":{"line":205,"column":4},"end":{"line":205,"column":18}},"loc":{"start":{"line":205,"column":4},"end":{"line":250,"column":null}}},"28":{"name":"(anonymous_74)","decl":{"start":{"line":212,"column":32},"end":{"line":212,"column":35}},"loc":{"start":{"line":212,"column":35},"end":{"line":219,"column":13}}},"29":{"name":"(anonymous_76)","decl":{"start":{"line":228,"column":54},"end":{"line":228,"column":55}},"loc":{"start":{"line":228,"column":59},"end":{"line":228,"column":68}}},"30":{"name":"(anonymous_77)","decl":{"start":{"line":256,"column":4},"end":{"line":256,"column":18}},"loc":{"start":{"line":256,"column":4},"end":{"line":284,"column":null}}},"31":{"name":"(anonymous_80)","decl":{"start":{"line":267,"column":47},"end":{"line":267,"column":54}},"loc":{"start":{"line":267,"column":64},"end":{"line":283,"column":10}}},"32":{"name":"(anonymous_81)","decl":{"start":{"line":267,"column":64},"end":{"line":267,"column":null}},"loc":{"start":{"line":267,"column":64},"end":{"line":283,"column":10}}},"33":{"name":"(anonymous_83)","decl":{"start":{"line":290,"column":4},"end":{"line":290,"column":18}},"loc":{"start":{"line":290,"column":4},"end":{"line":339,"column":null}}},"34":{"name":"(anonymous_86)","decl":{"start":{"line":296,"column":25},"end":{"line":296,"column":26}},"loc":{"start":{"line":296,"column":26},"end":{"line":296,"column":31}}},"35":{"name":"(anonymous_87)","decl":{"start":{"line":426,"column":4},"end":{"line":426,"column":12}},"loc":{"start":{"line":426,"column":4},"end":{"line":429,"column":5}}},"36":{"name":"(anonymous_88)","decl":{"start":{"line":431,"column":4},"end":{"line":431,"column":12}},"loc":{"start":{"line":431,"column":4},"end":{"line":439,"column":5}}},"37":{"name":"(anonymous_89)","decl":{"start":{"line":437,"column":49},"end":{"line":437,"column":53}},"loc":{"start":{"line":437,"column":53},"end":{"line":437,"column":61}}},"38":{"name":"(anonymous_90)","decl":{"start":{"line":466,"column":4},"end":{"line":466,"column":12}},"loc":{"start":{"line":466,"column":4},"end":{"line":472,"column":5}}},"39":{"name":"(anonymous_91)","decl":{"start":{"line":484,"column":4},"end":{"line":484,"column":12}},"loc":{"start":{"line":484,"column":44},"end":{"line":486,"column":5}}},"40":{"name":"(anonymous_92)","decl":{"start":{"line":492,"column":4},"end":{"line":492,"column":11}},"loc":{"start":{"line":492,"column":4},"end":{"line":596,"column":5}}},"41":{"name":"(anonymous_93)","decl":{"start":{"line":523,"column":47},"end":{"line":523,"column":null}},"loc":{"start":{"line":523,"column":47},"end":{"line":525,"column":39}}},"42":{"name":"(anonymous_94)","decl":{"start":{"line":532,"column":47},"end":{"line":532,"column":null}},"loc":{"start":{"line":532,"column":47},"end":{"line":534,"column":39}}},"43":{"name":"(anonymous_95)","decl":{"start":{"line":539,"column":77},"end":{"line":539,"column":78}},"loc":{"start":{"line":539,"column":78},"end":{"line":539,"column":83}}},"44":{"name":"(anonymous_96)","decl":{"start":{"line":567,"column":47},"end":{"line":567,"column":null}},"loc":{"start":{"line":567,"column":47},"end":{"line":569,"column":39}}}},"branchMap":{"0":{"loc":{"start":{"line":53,"column":8},"end":{"line":53,"column":null}},"type":"binary-expr","locations":[{"start":{"line":53,"column":8},"end":{"line":53,"column":20}},{"start":{"line":53,"column":20},"end":{"line":53,"column":null}}]},"1":{"loc":{"start":{"line":358,"column":45},"end":{"line":358,"column":72}},"type":"binary-expr","locations":[{"start":{"line":358,"column":45},"end":{"line":358,"column":66}},{"start":{"line":358,"column":70},"end":{"line":358,"column":72}}]},"2":{"loc":{"start":{"line":378,"column":8},"end":{"line":385,"column":9}},"type":"if","locations":[{"start":{"line":378,"column":8},"end":{"line":385,"column":9}},{"start":{"line":382,"column":13},"end":{"line":385,"column":9}}]},"3":{"loc":{"start":{"line":382,"column":13},"end":{"line":385,"column":9}},"type":"if","locations":[{"start":{"line":382,"column":13},"end":{"line":385,"column":9}}]},"4":{"loc":{"start":{"line":382,"column":16},"end":{"line":382,"column":73}},"type":"binary-expr","locations":[{"start":{"line":382,"column":16},"end":{"line":382,"column":42}},{"start":{"line":382,"column":46},"end":{"line":382,"column":73}}]},"5":{"loc":{"start":{"line":418,"column":8},"end":{"line":420,"column":9}},"type":"if","locations":[{"start":{"line":418,"column":8},"end":{"line":420,"column":9}}]},"6":{"loc":{"start":{"line":422,"column":30},"end":{"line":422,"column":76}},"type":"cond-expr","locations":[{"start":{"line":422,"column":54},"end":{"line":422,"column":59}},{"start":{"line":422,"column":62},"end":{"line":422,"column":76}}]},"7":{"loc":{"start":{"line":457,"column":8},"end":{"line":460,"column":9}},"type":"if","locations":[{"start":{"line":457,"column":8},"end":{"line":460,"column":9}}]},"8":{"loc":{"start":{"line":462,"column":26},"end":{"line":462,"column":66}},"type":"cond-expr","locations":[{"start":{"line":462,"column":47},"end":{"line":462,"column":52}},{"start":{"line":462,"column":55},"end":{"line":462,"column":66}}]},"9":{"loc":{"start":{"line":476,"column":33},"end":{"line":476,"column":94}},"type":"cond-expr","locations":[{"start":{"line":476,"column":80},"end":{"line":476,"column":84}},{"start":{"line":476,"column":87},"end":{"line":476,"column":94}}]},"10":{"loc":{"start":{"line":81,"column":15},"end":{"line":81,"column":50}},"type":"switch","locations":[{"start":{"line":81,"column":15},"end":{"line":81,"column":50}},{"start":{"line":81,"column":8},"end":{"line":81,"column":50}}]},"11":{"loc":{"start":{"line":126,"column":11},"end":{"line":126,"column":19}},"type":"if","locations":[{"start":{"line":126,"column":11},"end":{"line":126,"column":19}}]},"12":{"loc":{"start":{"line":126,"column":11},"end":{"line":126,"column":89}},"type":"binary-expr","locations":[{"start":{"line":126,"column":11},"end":{"line":126,"column":28}},{"start":{"line":126,"column":32},"end":{"line":126,"column":54}},{"start":{"line":126,"column":58},"end":{"line":126,"column":89}}]},"13":{"loc":{"start":{"line":136,"column":20},"end":{"line":136,"column":49}},"type":"switch","locations":[{"start":{"line":136,"column":20},"end":{"line":136,"column":49}}]},"14":{"loc":{"start":{"line":157,"column":65},"end":{"line":158,"column":53}},"type":"cond-expr","locations":[{"start":{"line":158,"column":12},"end":{"line":158,"column":23}},{"start":{"line":158,"column":26},"end":{"line":158,"column":53}}]},"15":{"loc":{"start":{"line":173,"column":8},"end":{"line":194,"column":9}},"type":"if","locations":[{"start":{"line":173,"column":8},"end":{"line":194,"column":9}},{"start":{"line":192,"column":15},"end":{"line":194,"column":9}}]},"16":{"loc":{"start":{"line":173,"column":11},"end":{"line":173,"column":54}},"type":"binary-expr","locations":[{"start":{"line":173,"column":11},"end":{"line":173,"column":32}},{"start":{"line":173,"column":36},"end":{"line":173,"column":54}}]},"17":{"loc":{"start":{"line":175,"column":16},"end":{"line":175,"column":88}},"type":"cond-expr","locations":[{"start":{"line":175,"column":53},"end":{"line":175,"column":61}},{"start":{"line":175,"column":64},"end":{"line":175,"column":88}}]},"18":{"loc":{"start":{"line":179,"column":16},"end":{"line":182,"column":17}},"type":"if","locations":[{"start":{"line":179,"column":16},"end":{"line":182,"column":17}}]},"19":{"loc":{"start":{"line":184,"column":12},"end":{"line":191,"column":13}},"type":"if","locations":[{"start":{"line":184,"column":12},"end":{"line":191,"column":13}},{"start":{"line":189,"column":19},"end":{"line":191,"column":13}}]},"20":{"loc":{"start":{"line":211,"column":8},"end":{"line":220,"column":9}},"type":"if","locations":[{"start":{"line":211,"column":8},"end":{"line":220,"column":9}}]},"21":{"loc":{"start":{"line":224,"column":8},"end":{"line":241,"column":9}},"type":"if","locations":[{"start":{"line":224,"column":8},"end":{"line":241,"column":9}}]},"22":{"loc":{"start":{"line":224,"column":11},"end":{"line":224,"column":122}},"type":"binary-expr","locations":[{"start":{"line":224,"column":11},"end":{"line":224,"column":53}},{"start":{"line":224,"column":57},"end":{"line":224,"column":89}},{"start":{"line":224,"column":93},"end":{"line":224,"column":122}}]},"23":{"loc":{"start":{"line":229,"column":16},"end":{"line":232,"column":17}},"type":"if","locations":[{"start":{"line":229,"column":16},"end":{"line":232,"column":17}}]},"24":{"loc":{"start":{"line":234,"column":12},"end":{"line":239,"column":13}},"type":"if","locations":[{"start":{"line":234,"column":12},"end":{"line":239,"column":13}}]},"25":{"loc":{"start":{"line":242,"column":8},"end":{"line":247,"column":9}},"type":"if","locations":[{"start":{"line":242,"column":8},"end":{"line":247,"column":9}}]},"26":{"loc":{"start":{"line":257,"column":31},"end":{"line":257,"column":null}},"type":"switch","locations":[{"start":{"line":257,"column":31},"end":{"line":257,"column":null}}]},"27":{"loc":{"start":{"line":260,"column":39},"end":{"line":260,"column":50}},"type":"cond-expr","locations":[{"start":{"line":260,"column":46},"end":{"line":260,"column":48}},{"start":{"line":260,"column":39},"end":{"line":260,"column":50}}]},"28":{"loc":{"start":{"line":260,"column":39},"end":{"line":260,"column":48}},"type":"binary-expr","locations":[{"start":{"line":260,"column":39},"end":{"line":260,"column":48}},{"start":{"line":260,"column":39},"end":{"line":260,"column":48}}]},"29":{"loc":{"start":{"line":261,"column":25},"end":{"line":261,"column":37}},"type":"cond-expr","locations":[{"start":{"line":261,"column":32},"end":{"line":261,"column":34}},{"start":{"line":261,"column":25},"end":{"line":261,"column":37}}]},"30":{"loc":{"start":{"line":261,"column":25},"end":{"line":261,"column":34}},"type":"binary-expr","locations":[{"start":{"line":261,"column":25},"end":{"line":261,"column":34}},{"start":{"line":261,"column":25},"end":{"line":261,"column":34}}]},"31":{"loc":{"start":{"line":273,"column":15},"end":{"line":273,"column":25}},"type":"if","locations":[{"start":{"line":273,"column":15},"end":{"line":273,"column":25}}]},"32":{"loc":{"start":{"line":294,"column":12},"end":{"line":298,"column":13}},"type":"if","locations":[{"start":{"line":294,"column":12},"end":{"line":298,"column":13}}]},"33":{"loc":{"start":{"line":294,"column":15},"end":{"line":294,"column":56}},"type":"binary-expr","locations":[{"start":{"line":294,"column":15},"end":{"line":294,"column":35}},{"start":{"line":294,"column":39},"end":{"line":294,"column":56}}]},"34":{"loc":{"start":{"line":296,"column":30},"end":{"line":296,"column":102}},"type":"cond-expr","locations":[{"start":{"line":296,"column":67},"end":{"line":296,"column":75}},{"start":{"line":296,"column":78},"end":{"line":296,"column":102}}]},"35":{"loc":{"start":{"line":303,"column":12},"end":{"line":306,"column":13}},"type":"if","locations":[{"start":{"line":303,"column":12},"end":{"line":306,"column":13}}]},"36":{"loc":{"start":{"line":307,"column":12},"end":{"line":310,"column":13}},"type":"if","locations":[{"start":{"line":307,"column":12},"end":{"line":310,"column":13}}]},"37":{"loc":{"start":{"line":307,"column":15},"end":{"line":307,"column":86}},"type":"binary-expr","locations":[{"start":{"line":307,"column":15},"end":{"line":307,"column":47}},{"start":{"line":307,"column":51},"end":{"line":307,"column":86}}]},"38":{"loc":{"start":{"line":311,"column":12},"end":{"line":314,"column":13}},"type":"if","locations":[{"start":{"line":311,"column":12},"end":{"line":314,"column":13}}]},"39":{"loc":{"start":{"line":315,"column":12},"end":{"line":318,"column":13}},"type":"if","locations":[{"start":{"line":315,"column":12},"end":{"line":318,"column":13}}]},"40":{"loc":{"start":{"line":315,"column":15},"end":{"line":315,"column":76}},"type":"binary-expr","locations":[{"start":{"line":315,"column":15},"end":{"line":315,"column":43}},{"start":{"line":315,"column":47},"end":{"line":315,"column":76}}]},"41":{"loc":{"start":{"line":319,"column":15},"end":{"line":319,"column":27}},"type":"if","locations":[{"start":{"line":319,"column":15},"end":{"line":319,"column":27}}]},"42":{"loc":{"start":{"line":330,"column":22},"end":{"line":331,"column":60}},"type":"cond-expr","locations":[{"start":{"line":330,"column":53},"end":{"line":330,"column":55}},{"start":{"line":330,"column":53},"end":{"line":331,"column":60}}]},"43":{"loc":{"start":{"line":330,"column":22},"end":{"line":330,"column":55}},"type":"binary-expr","locations":[{"start":{"line":330,"column":22},"end":{"line":330,"column":55}},{"start":{"line":330,"column":53},"end":{"line":330,"column":55}}]},"44":{"loc":{"start":{"line":432,"column":8},"end":{"line":434,"column":9}},"type":"if","locations":[{"start":{"line":432,"column":8},"end":{"line":434,"column":9}}]},"45":{"loc":{"start":{"line":493,"column":15},"end":{"line":594,"column":null}},"type":"binary-expr","locations":[{"start":{"line":493,"column":15},"end":{"line":493,"column":25}},{"start":{"line":494,"column":12},"end":{"line":591,"column":null}}]},"46":{"loc":{"start":{"line":501,"column":43},"end":{"line":501,"column":153}},"type":"cond-expr","locations":[{"start":{"line":501,"column":89},"end":{"line":501,"column":116}},{"start":{"line":501,"column":119},"end":{"line":501,"column":153}}]},"47":{"loc":{"start":{"line":537,"column":43},"end":{"line":539,"column":122}},"type":"cond-expr","locations":[{"start":{"line":537,"column":80},"end":{"line":537,"column":97}},{"start":{"line":538,"column":34},"end":{"line":539,"column":122}}]},"48":{"loc":{"start":{"line":538,"column":34},"end":{"line":539,"column":122}},"type":"cond-expr","locations":[{"start":{"line":538,"column":74},"end":{"line":538,"column":79}},{"start":{"line":539,"column":34},"end":{"line":539,"column":122}}]},"49":{"loc":{"start":{"line":573,"column":43},"end":{"line":573,"column":125}},"type":"cond-expr","locations":[{"start":{"line":573,"column":76},"end":{"line":573,"column":90}},{"start":{"line":573,"column":93},"end":{"line":573,"column":125}}]},"50":{"loc":{"start":{"line":573,"column":43},"end":{"line":573,"column":66}},"type":"cond-expr","locations":[{"start":{"line":573,"column":53},"end":{"line":573,"column":55}},{"start":{"line":573,"column":53},"end":{"line":573,"column":66}}]},"51":{"loc":{"start":{"line":573,"column":43},"end":{"line":573,"column":55}},"type":"binary-expr","locations":[{"start":{"line":573,"column":43},"end":{"line":573,"column":55}},{"start":{"line":573,"column":53},"end":{"line":573,"column":55}}]},"52":{"loc":{"start":{"line":573,"column":93},"end":{"line":573,"column":125}},"type":"cond-expr","locations":[{"start":{"line":573,"column":116},"end":{"line":573,"column":120}},{"start":{"line":573,"column":120},"end":{"line":573,"column":125}}]},"53":{"loc":{"start":{"line":573,"column":93},"end":{"line":573,"column":120}},"type":"binary-expr","locations":[{"start":{"line":573,"column":93},"end":{"line":573,"column":120}},{"start":{"line":573,"column":116},"end":{"line":573,"column":120}}]},"54":{"loc":{"start":{"line":573,"column":93},"end":{"line":573,"column":116}},"type":"cond-expr","locations":[{"start":{"line":573,"column":103},"end":{"line":573,"column":105}},{"start":{"line":573,"column":103},"end":{"line":573,"column":116}}]},"55":{"loc":{"start":{"line":573,"column":93},"end":{"line":573,"column":105}},"type":"binary-expr","locations":[{"start":{"line":573,"column":93},"end":{"line":573,"column":105}},{"start":{"line":573,"column":103},"end":{"line":573,"column":105}}]}},"s":{"0":1,"1":1,"2":1,"3":1,"4":1,"5":1,"6":1,"7":1,"8":1,"9":1,"10":1,"11":1,"12":1,"13":1,"14":1,"15":1,"16":1,"17":1,"18":1,"19":1,"20":20,"21":20,"22":20,"23":20,"24":20,"25":20,"26":20,"27":20,"28":20,"29":1,"30":1,"31":1,"32":1,"33":1,"34":1,"35":1,"36":1,"37":1,"38":2,"39":2,"40":1,"41":20,"42":5,"43":1,"44":4,"45":2,"46":2,"47":2,"48":20,"49":1,"50":1,"51":20,"52":2,"53":2,"54":2,"55":2,"56":2,"57":2,"58":3,"59":2,"60":2,"61":2,"62":20,"63":2,"64":2,"65":2,"66":2,"67":2,"68":2,"69":3,"70":2,"71":2,"72":2,"73":20,"74":1,"75":20,"76":1,"77":20,"78":20,"79":20,"80":20,"81":20,"82":1,"83":63,"84":63,"85":0,"86":1,"87":2,"88":2,"89":1,"90":0,"91":1,"92":20,"93":40,"94":20,"95":0,"96":0,"97":1,"98":2,"99":1,"100":0,"101":0,"102":1,"103":21,"104":31,"105":22,"106":10,"107":10,"108":10,"109":10,"110":20,"111":1,"112":11,"113":11,"114":11,"115":11,"116":11,"117":11,"118":11,"119":11,"120":11,"121":11,"122":11,"123":11,"124":11,"125":11,"126":5,"127":5,"128":5,"129":5,"130":5,"131":5,"132":5,"133":5,"134":5,"135":10,"136":5,"137":5,"138":5,"139":5,"140":0,"141":6,"142":11,"143":1,"144":11,"145":11,"146":11,"147":11,"148":11,"149":11,"150":3,"151":4,"152":4,"153":11,"154":11,"155":1,"156":1,"157":1,"158":1,"159":1,"160":1,"161":1,"162":2,"163":1,"164":1,"165":11,"166":10,"167":1,"168":21,"169":21,"170":21,"171":21,"172":21,"173":21,"174":21,"175":21,"176":21,"177":21,"178":42,"179":19,"180":19,"181":28,"182":10,"183":10,"184":20,"185":20,"186":1,"187":68,"188":68,"189":28,"190":29,"191":68,"192":68,"193":68,"194":68,"195":7,"196":68,"197":40,"198":68,"199":0,"200":68,"201":0,"202":96,"203":40,"204":40,"205":28,"206":28,"207":56,"208":28,"209":0,"210":0,"211":1,"212":0,"213":0,"214":1,"215":0,"216":0,"217":0,"218":0,"219":0,"220":0,"221":0,"222":1,"223":0,"224":0,"225":1,"226":14,"227":1,"228":83,"229":83,"230":0,"231":0,"232":28,"233":0,"234":1,"235":1,"236":1},"f":{"0":1,"1":20,"2":1,"3":1,"4":1,"5":5,"6":1,"7":2,"8":2,"9":1,"10":20,"11":20,"12":63,"13":2,"14":0,"15":20,"16":1,"17":21,"18":20,"19":11,"20":11,"21":11,"22":11,"23":5,"24":5,"25":5,"26":5,"27":11,"28":4,"29":1,"30":21,"31":19,"32":19,"33":68,"34":29,"35":0,"36":0,"37":0,"38":0,"39":14,"40":83,"41":0,"42":0,"43":28,"44":0},"b":{"0":[20,20],"1":[1,0],"2":[1,4],"3":[2],"4":[4,3],"5":[2],"6":[0,2],"7":[2],"8":[0,2],"9":[0,1],"10":[2,2],"11":[10],"12":[21,10,10],"13":[10],"14":[0,11],"15":[5,6],"16":[11,5],"17":[3,2],"18":[5],"19":[5,0],"20":[3],"21":[1],"22":[11,11,1],"23":[1],"24":[1],"25":[10],"26":[21],"27":[0,21],"28":[21,21],"29":[0,21],"30":[21,21],"31":[9],"32":[28],"33":[68,35],"34":[25,4],"35":[7],"36":[40],"37":[68,61],"38":[0],"39":[0],"40":[68,68],"41":[28],"42":[0,28],"43":[28,28],"44":[0],"45":[83,83],"46":[24,59],"47":[24,59],"48":[32,27],"49":[0,83],"50":[0,83],"51":[83,83],"52":[83,0],"53":[83,83],"54":[0,83],"55":[83,83]}}
,"/home/runner/work/AdoPipelineOverview/AdoPipelineOverview/src/widget.tsx": {"path":"/home/runner/work/AdoPipelineOverview/AdoPipelineOverview/src/widget.tsx","statementMap":{"0":{"start":{"line":1,"column":0},"end":{"line":1,"column":43}},"1":{"start":{"line":2,"column":0},"end":{"line":2,"column":null}},"2":{"start":{"line":4,"column":0},"end":{"line":4,"column":26}},"3":{"start":{"line":6,"column":0},"end":{"line":6,"column":null}},"4":{"start":{"line":11,"column":0},"end":{"line":11,"column":50}},"5":{"start":{"line":12,"column":0},"end":{"line":12,"column":null}},"6":{"start":{"line":18,"column":0},"end":{"line":18,"column":50}},"7":{"start":{"line":19,"column":0},"end":{"line":19,"column":50}},"8":{"start":{"line":21,"column":0},"end":{"line":21,"column":83}},"9":{"start":{"line":22,"column":0},"end":{"line":22,"column":null}},"10":{"start":{"line":27,"column":0},"end":{"line":27,"column":61}},"11":{"start":{"line":28,"column":0},"end":{"line":28,"column":59}},"12":{"start":{"line":29,"column":0},"end":{"line":29,"column":43}},"13":{"start":{"line":31,"column":0},"end":{"line":31,"column":64}},"14":{"start":{"line":31,"column":28},"end":{"line":31,"column":33}},"15":{"start":{"line":35,"column":12},"end":{"line":35,"column":null}},"16":{"start":{"line":36,"column":12},"end":{"line":36,"column":null}},"17":{"start":{"line":38,"column":12},"end":{"line":38,"column":69}},"18":{"start":{"line":39,"column":12},"end":{"line":39,"column":43}},"19":{"start":{"line":246,"column":12},"end":{"line":265,"column":null}},"20":{"start":{"line":248,"column":26},"end":{"line":248,"column":28}},"21":{"start":{"line":249,"column":8},"end":{"line":255,"column":9}},"22":{"start":{"line":249,"column":20},"end":{"line":249,"column":21}},"23":{"start":{"line":250,"column":35},"end":{"line":250,"column":74}},"24":{"start":{"line":251,"column":12},"end":{"line":254,"column":13}},"25":{"start":{"line":251,"column":24},"end":{"line":251,"column":49}},"26":{"start":{"line":253,"column":16},"end":{"line":253,"column":57}},"27":{"start":{"line":256,"column":8},"end":{"line":259,"column":9}},"28":{"start":{"line":258,"column":12},"end":{"line":258,"column":75}},"29":{"start":{"line":260,"column":8},"end":{"line":264,"column":11}},"30":{"start":{"line":262,"column":11},"end":{"line":264,"column":10}},"31":{"start":{"line":263,"column":12},"end":{"line":263,"column":51}},"32":{"start":{"line":48,"column":4},"end":{"line":52,"column":null}},"33":{"start":{"line":48,"column":4},"end":{"line":48,"column":21}},"34":{"start":{"line":49,"column":8},"end":{"line":51,"column":11}},"35":{"start":{"line":50,"column":12},"end":{"line":50,"column":52}},"36":{"start":{"line":54,"column":10},"end":{"line":61,"column":null}},"37":{"start":{"line":55,"column":31},"end":{"line":55,"column":null}},"38":{"start":{"line":55,"column":14},"end":{"line":55,"column":null}},"39":{"start":{"line":56,"column":28},"end":{"line":56,"column":null}},"40":{"start":{"line":56,"column":14},"end":{"line":56,"column":null}},"41":{"start":{"line":59,"column":8},"end":{"line":59,"column":47}},"42":{"start":{"line":60,"column":8},"end":{"line":60,"column":44}},"43":{"start":{"line":63,"column":10},"end":{"line":87,"column":null}},"44":{"start":{"line":67,"column":12},"end":{"line":67,"column":null}},"45":{"start":{"line":68,"column":18},"end":{"line":68,"column":null}},"46":{"start":{"line":70,"column":15},"end":{"line":70,"column":23}},"47":{"start":{"line":72,"column":16},"end":{"line":72,"column":96}},"48":{"start":{"line":73,"column":16},"end":{"line":73,"column":36}},"49":{"start":{"line":76,"column":16},"end":{"line":77,"column":60}},"50":{"start":{"line":78,"column":16},"end":{"line":78,"column":46}},"51":{"start":{"line":80,"column":12},"end":{"line":80,"column":48}},"52":{"start":{"line":82,"column":12},"end":{"line":82,"column":null}},"53":{"start":{"line":83,"column":12},"end":{"line":83,"column":null}},"54":{"start":{"line":84,"column":12},"end":{"line":84,"column":48}},"55":{"start":{"line":90,"column":10},"end":{"line":111,"column":null}},"56":{"start":{"line":94,"column":12},"end":{"line":94,"column":null}},"57":{"start":{"line":95,"column":12},"end":{"line":95,"column":null}},"58":{"start":{"line":96,"column":18},"end":{"line":96,"column":null}},"59":{"start":{"line":97,"column":15},"end":{"line":97,"column":23}},"60":{"start":{"line":99,"column":16},"end":{"line":99,"column":36}},"61":{"start":{"line":102,"column":16},"end":{"line":103,"column":60}},"62":{"start":{"line":105,"column":12},"end":{"line":105,"column":48}},"63":{"start":{"line":107,"column":12},"end":{"line":107,"column":null}},"64":{"start":{"line":108,"column":12},"end":{"line":108,"column":null}},"65":{"start":{"line":109,"column":12},"end":{"line":109,"column":69}},"66":{"start":{"line":122,"column":18},"end":{"line":185,"column":null}},"67":{"start":{"line":125,"column":14},"end":{"line":125,"column":54}},"68":{"start":{"line":126,"column":8},"end":{"line":126,"column":35}},"69":{"start":{"line":128,"column":8},"end":{"line":128,"column":87}},"70":{"start":{"line":130,"column":14},"end":{"line":130,"column":72}},"71":{"start":{"line":131,"column":12},"end":{"line":131,"column":37}},"72":{"start":{"line":132,"column":14},"end":{"line":134,"column":70}},"73":{"start":{"line":134,"column":60},"end":{"line":134,"column":69}},"74":{"start":{"line":135,"column":11},"end":{"line":135,"column":19}},"75":{"start":{"line":137,"column":40},"end":{"line":137,"column":null}},"76":{"start":{"line":137,"column":32},"end":{"line":137,"column":null}},"77":{"start":{"line":137,"column":22},"end":{"line":137,"column":32}},"78":{"start":{"line":138,"column":69},"end":{"line":138,"column":null}},"79":{"start":{"line":138,"column":31},"end":{"line":138,"column":null}},"80":{"start":{"line":138,"column":24},"end":{"line":138,"column":31}},"81":{"start":{"line":139,"column":36},"end":{"line":143,"column":null}},"82":{"start":{"line":139,"column":24},"end":{"line":143,"column":null}},"83":{"start":{"line":144,"column":20},"end":{"line":144,"column":62}},"84":{"start":{"line":149,"column":40},"end":{"line":149,"column":null}},"85":{"start":{"line":149,"column":32},"end":{"line":149,"column":null}},"86":{"start":{"line":149,"column":22},"end":{"line":149,"column":32}},"87":{"start":{"line":150,"column":32},"end":{"line":154,"column":null}},"88":{"start":{"line":150,"column":20},"end":{"line":154,"column":null}},"89":{"start":{"line":155,"column":16},"end":{"line":155,"column":58}},"90":{"start":{"line":158,"column":8},"end":{"line":158,"column":94}},"91":{"start":{"line":158,"column":63},"end":{"line":158,"column":93}},"92":{"start":{"line":161,"column":8},"end":{"line":163,"column":11}},"93":{"start":{"line":162,"column":12},"end":{"line":162,"column":31}},"94":{"start":{"line":169,"column":8},"end":{"line":169,"column":86}},"95":{"start":{"line":169,"column":45},"end":{"line":169,"column":55}},"96":{"start":{"line":172,"column":8},"end":{"line":172,"column":25}},"97":{"start":{"line":173,"column":14},"end":{"line":173,"column":51}},"98":{"start":{"line":174,"column":32},"end":{"line":174,"column":null}},"99":{"start":{"line":174,"column":26},"end":{"line":174,"column":null}},"100":{"start":{"line":174,"column":17},"end":{"line":174,"column":26}},"101":{"start":{"line":175,"column":29},"end":{"line":175,"column":null}},"102":{"start":{"line":175,"column":18},"end":{"line":175,"column":null}},"103":{"start":{"line":176,"column":18},"end":{"line":176,"column":68}},"104":{"start":{"line":177,"column":12},"end":{"line":179,"column":15}},"105":{"start":{"line":178,"column":16},"end":{"line":178,"column":41}},"106":{"start":{"line":180,"column":12},"end":{"line":180,"column":38}},"107":{"start":{"line":183,"column":8},"end":{"line":183,"column":33}},"108":{"start":{"line":184,"column":8},"end":{"line":184,"column":32}},"109":{"start":{"line":196,"column":12},"end":{"line":199,"column":null}},"110":{"start":{"line":197,"column":8},"end":{"line":197,"column":37}},"111":{"start":{"line":205,"column":18},"end":{"line":240,"column":null}},"112":{"start":{"line":206,"column":14},"end":{"line":206,"column":72}},"113":{"start":{"line":207,"column":21},"end":{"line":207,"column":null}},"114":{"start":{"line":207,"column":14},"end":{"line":207,"column":null}},"115":{"start":{"line":209,"column":8},"end":{"line":209,"column":91}},"116":{"start":{"line":210,"column":8},"end":{"line":210,"column":27}},"117":{"start":{"line":211,"column":8},"end":{"line":220,"column":9}},"118":{"start":{"line":212,"column":12},"end":{"line":219,"column":15}},"119":{"start":{"line":213,"column":47},"end":{"line":216,"column":18}},"120":{"start":{"line":218,"column":16},"end":{"line":218,"column":44}},"121":{"start":{"line":222,"column":8},"end":{"line":239,"column":9}},"122":{"start":{"line":224,"column":18},"end":{"line":224,"column":70}},"123":{"start":{"line":226,"column":30},"end":{"line":226,"column":80}},"124":{"start":{"line":226,"column":64},"end":{"line":226,"column":80}},"125":{"start":{"line":227,"column":16},"end":{"line":229,"column":17}},"126":{"start":{"line":228,"column":20},"end":{"line":228,"column":88}},"127":{"start":{"line":225,"column":12},"end":{"line":230,"column":null}},"128":{"start":{"line":225,"column":23},"end":{"line":225,"column":30}},"129":{"start":{"line":231,"column":12},"end":{"line":233,"column":null}},"130":{"start":{"line":236,"column":12},"end":{"line":238,"column":15}},"131":{"start":{"line":267,"column":12},"end":{"line":275,"column":null}},"132":{"start":{"line":267,"column":4},"end":{"line":267,"column":12}},"133":{"start":{"line":269,"column":8},"end":{"line":269,"column":47}},"134":{"start":{"line":270,"column":8},"end":{"line":274,"column":11}},"135":{"start":{"line":272,"column":11},"end":{"line":274,"column":10}},"136":{"start":{"line":273,"column":12},"end":{"line":273,"column":51}},"137":{"start":{"line":303,"column":4},"end":{"line":379,"column":null}},"138":{"start":{"line":303,"column":4},"end":{"line":303,"column":10}},"139":{"start":{"line":304,"column":8},"end":{"line":318,"column":9}},"140":{"start":{"line":306,"column":12},"end":{"line":317,"column":null}},"141":{"start":{"line":319,"column":8},"end":{"line":378,"column":10}},"142":{"start":{"line":327,"column":78},"end":{"line":327,"column":107}},"143":{"start":{"line":342,"column":46},"end":{"line":342,"column":86}},"144":{"start":{"line":361,"column":36},"end":{"line":364,"column":null}},"145":{"start":{"line":381,"column":0},"end":{"line":381,"column":null}},"146":{"start":{"line":31,"column":13},"end":{"line":31,"column":19}},"147":{"start":{"line":383,"column":0},"end":{"line":383,"column":37}}},"fnMap":{"0":{"name":"(anonymous_29)","decl":{"start":{"line":31,"column":0},"end":{"line":31,"column":13}},"loc":{"start":{"line":31,"column":0},"end":{"line":381,"column":null}}},"1":{"name":"(anonymous_31)","decl":{"start":{"line":246,"column":34},"end":{"line":246,"column":35}},"loc":{"start":{"line":246,"column":109},"end":{"line":265,"column":5}}},"2":{"name":"(anonymous_32)","decl":{"start":{"line":262,"column":11},"end":{"line":262,"column":null}},"loc":{"start":{"line":262,"column":11},"end":{"line":264,"column":10}}},"3":{"name":"(anonymous_35)","decl":{"start":{"line":48,"column":4},"end":{"line":48,"column":21}},"loc":{"start":{"line":48,"column":4},"end":{"line":52,"column":5}}},"4":{"name":"(anonymous_36)","decl":{"start":{"line":49,"column":24},"end":{"line":49,"column":null}},"loc":{"start":{"line":49,"column":24},"end":{"line":51,"column":9}}},"5":{"name":"(anonymous_37)","decl":{"start":{"line":54,"column":4},"end":{"line":54,"column":10}},"loc":{"start":{"line":54,"column":49},"end":{"line":61,"column":null}}},"6":{"name":"(anonymous_40)","decl":{"start":{"line":63,"column":4},"end":{"line":63,"column":10}},"loc":{"start":{"line":64,"column":38},"end":{"line":87,"column":null}}},"7":{"name":"(anonymous_43)","decl":{"start":{"line":90,"column":4},"end":{"line":90,"column":10}},"loc":{"start":{"line":91,"column":38},"end":{"line":111,"column":null}}},"8":{"name":"(anonymous_46)","decl":{"start":{"line":122,"column":4},"end":{"line":122,"column":18}},"loc":{"start":{"line":122,"column":58},"end":{"line":185,"column":null}}},"9":{"name":"(anonymous_49)","decl":{"start":{"line":134,"column":55},"end":{"line":134,"column":56}},"loc":{"start":{"line":134,"column":56},"end":{"line":134,"column":61}}},"10":{"name":"(anonymous_50)","decl":{"start":{"line":158,"column":39},"end":{"line":158,"column":40}},"loc":{"start":{"line":158,"column":58},"end":{"line":158,"column":67}}},"11":{"name":"(anonymous_51)","decl":{"start":{"line":161,"column":37},"end":{"line":161,"column":47}},"loc":{"start":{"line":161,"column":51},"end":{"line":163,"column":9}}},"12":{"name":"(anonymous_52)","decl":{"start":{"line":169,"column":32},"end":{"line":169,"column":41}},"loc":{"start":{"line":169,"column":41},"end":{"line":169,"column":54}}},"13":{"name":"(anonymous_53)","decl":{"start":{"line":177,"column":106},"end":{"line":177,"column":116}},"loc":{"start":{"line":177,"column":120},"end":{"line":179,"column":13}}},"14":{"name":"(anonymous_54)","decl":{"start":{"line":196,"column":4},"end":{"line":196,"column":12}},"loc":{"start":{"line":196,"column":55},"end":{"line":199,"column":5}}},"15":{"name":"(anonymous_55)","decl":{"start":{"line":205,"column":4},"end":{"line":205,"column":18}},"loc":{"start":{"line":205,"column":4},"end":{"line":240,"column":null}}},"16":{"name":"(anonymous_58)","decl":{"start":{"line":212,"column":32},"end":{"line":212,"column":35}},"loc":{"start":{"line":212,"column":35},"end":{"line":219,"column":13}}},"17":{"name":"(anonymous_60)","decl":{"start":{"line":226,"column":54},"end":{"line":226,"column":55}},"loc":{"start":{"line":226,"column":59},"end":{"line":226,"column":68}}},"18":{"name":"(anonymous_61)","decl":{"start":{"line":267,"column":4},"end":{"line":267,"column":12}},"loc":{"start":{"line":267,"column":4},"end":{"line":275,"column":5}}},"19":{"name":"(anonymous_62)","decl":{"start":{"line":272,"column":11},"end":{"line":272,"column":null}},"loc":{"start":{"line":272,"column":11},"end":{"line":274,"column":10}}},"20":{"name":"(anonymous_65)","decl":{"start":{"line":303,"column":4},"end":{"line":303,"column":10}},"loc":{"start":{"line":303,"column":4},"end":{"line":379,"column":5}}},"21":{"name":"(anonymous_66)","decl":{"start":{"line":327,"column":73},"end":{"line":327,"column":74}},"loc":{"start":{"line":327,"column":74},"end":{"line":327,"column":79}}},"22":{"name":"(anonymous_67)","decl":{"start":{"line":341,"column":51},"end":{"line":341,"column":null}},"loc":{"start":{"line":341,"column":51},"end":{"line":343,"column":43}}},"23":{"name":"(anonymous_68)","decl":{"start":{"line":360,"column":52},"end":{"line":360,"column":53}},"loc":{"start":{"line":360,"column":77},"end":{"line":365,"column":37}}}},"branchMap":{"0":{"loc":{"start":{"line":256,"column":8},"end":{"line":259,"column":9}},"type":"if","locations":[{"start":{"line":256,"column":8},"end":{"line":259,"column":9}}]},"1":{"loc":{"start":{"line":261,"column":26},"end":{"line":261,"column":66}},"type":"cond-expr","locations":[{"start":{"line":261,"column":47},"end":{"line":261,"column":52}},{"start":{"line":261,"column":55},"end":{"line":261,"column":66}}]},"2":{"loc":{"start":{"line":263,"column":12},"end":{"line":263,"column":51}},"type":"switch","locations":[{"start":{"line":263,"column":12},"end":{"line":263,"column":51}}]},"3":{"loc":{"start":{"line":55,"column":31},"end":{"line":55,"column":null}},"type":"switch","locations":[{"start":{"line":55,"column":31},"end":{"line":55,"column":null}}]},"4":{"loc":{"start":{"line":59,"column":25},"end":{"line":59,"column":46}},"type":"cond-expr","locations":[{"start":{"line":59,"column":40},"end":{"line":59,"column":44}},{"start":{"line":59,"column":44},"end":{"line":59,"column":46}}]},"5":{"loc":{"start":{"line":59,"column":25},"end":{"line":59,"column":44}},"type":"binary-expr","locations":[{"start":{"line":59,"column":25},"end":{"line":59,"column":44}},{"start":{"line":59,"column":40},"end":{"line":59,"column":44}}]},"6":{"loc":{"start":{"line":59,"column":25},"end":{"line":59,"column":40}},"type":"cond-expr","locations":[{"start":{"line":59,"column":36},"end":{"line":59,"column":38}},{"start":{"line":59,"column":25},"end":{"line":59,"column":40}}]},"7":{"loc":{"start":{"line":59,"column":25},"end":{"line":59,"column":38}},"type":"binary-expr","locations":[{"start":{"line":59,"column":25},"end":{"line":59,"column":38}},{"start":{"line":59,"column":25},"end":{"line":59,"column":38}}]},"8":{"loc":{"start":{"line":76,"column":16},"end":{"line":77,"column":60}},"type":"switch","locations":[{"start":{"line":76,"column":16},"end":{"line":77,"column":60}},{"start":{"line":80,"column":12},"end":{"line":80,"column":48}}]},"9":{"loc":{"start":{"line":70,"column":15},"end":{"line":70,"column":23}},"type":"if","locations":[{"start":{"line":70,"column":15},"end":{"line":70,"column":23}}]},"10":{"loc":{"start":{"line":70,"column":15},"end":{"line":70,"column":93}},"type":"binary-expr","locations":[{"start":{"line":70,"column":15},"end":{"line":70,"column":32}},{"start":{"line":70,"column":36},"end":{"line":70,"column":58}},{"start":{"line":70,"column":62},"end":{"line":70,"column":93}}]},"11":{"loc":{"start":{"line":102,"column":16},"end":{"line":103,"column":60}},"type":"switch","locations":[{"start":{"line":102,"column":16},"end":{"line":103,"column":60}},{"start":{"line":105,"column":12},"end":{"line":105,"column":48}}]},"12":{"loc":{"start":{"line":97,"column":15},"end":{"line":97,"column":23}},"type":"if","locations":[{"start":{"line":97,"column":15},"end":{"line":97,"column":23}}]},"13":{"loc":{"start":{"line":97,"column":15},"end":{"line":97,"column":93}},"type":"binary-expr","locations":[{"start":{"line":97,"column":15},"end":{"line":97,"column":32}},{"start":{"line":97,"column":36},"end":{"line":97,"column":58}},{"start":{"line":97,"column":62},"end":{"line":97,"column":93}}]},"14":{"loc":{"start":{"line":132,"column":25},"end":{"line":134,"column":69}},"type":"cond-expr","locations":[{"start":{"line":133,"column":14},"end":{"line":133,"column":49}},{"start":{"line":134,"column":14},"end":{"line":134,"column":69}}]},"15":{"loc":{"start":{"line":135,"column":11},"end":{"line":135,"column":19}},"type":"if","locations":[{"start":{"line":135,"column":11},"end":{"line":135,"column":19}}]},"16":{"loc":{"start":{"line":137,"column":32},"end":{"line":137,"column":null}},"type":"if","locations":[{"start":{"line":137,"column":32},"end":{"line":137,"column":null}}]},"17":{"loc":{"start":{"line":138,"column":31},"end":{"line":138,"column":69}},"type":"cond-expr","locations":[{"start":{"line":138,"column":63},"end":{"line":138,"column":67}},{"start":{"line":138,"column":67},"end":{"line":138,"column":69}}]},"18":{"loc":{"start":{"line":138,"column":31},"end":{"line":138,"column":67}},"type":"binary-expr","locations":[{"start":{"line":138,"column":31},"end":{"line":138,"column":67}},{"start":{"line":138,"column":63},"end":{"line":138,"column":67}}]},"19":{"loc":{"start":{"line":138,"column":31},"end":{"line":138,"column":63}},"type":"cond-expr","locations":[{"start":{"line":138,"column":51},"end":{"line":138,"column":53}},{"start":{"line":138,"column":51},"end":{"line":138,"column":63}}]},"20":{"loc":{"start":{"line":138,"column":31},"end":{"line":138,"column":53}},"type":"binary-expr","locations":[{"start":{"line":138,"column":31},"end":{"line":138,"column":53}},{"start":{"line":138,"column":51},"end":{"line":138,"column":53}}]},"21":{"loc":{"start":{"line":138,"column":31},"end":{"line":138,"column":null}},"type":"if","locations":[{"start":{"line":138,"column":31},"end":{"line":138,"column":null}}]},"22":{"loc":{"start":{"line":141,"column":24},"end":{"line":141,"column":74}},"type":"cond-expr","locations":[{"start":{"line":141,"column":57},"end":{"line":141,"column":66}},{"start":{"line":141,"column":69},"end":{"line":141,"column":74}}]},"23":{"loc":{"start":{"line":149,"column":32},"end":{"line":149,"column":null}},"type":"if","locations":[{"start":{"line":149,"column":32},"end":{"line":149,"column":null}}]},"24":{"loc":{"start":{"line":152,"column":20},"end":{"line":152,"column":103}},"type":"cond-expr","locations":[{"start":{"line":152,"column":53},"end":{"line":152,"column":62}},{"start":{"line":152,"column":65},"end":{"line":152,"column":103}}]},"25":{"loc":{"start":{"line":152,"column":65},"end":{"line":152,"column":103}},"type":"cond-expr","locations":[{"start":{"line":152,"column":97},"end":{"line":152,"column":101}},{"start":{"line":152,"column":101},"end":{"line":152,"column":103}}]},"26":{"loc":{"start":{"line":152,"column":
[...]
column":68}},"17":{"start":{"line":34,"column":37},"end":{"line":34,"column":62}},"18":{"start":{"line":35,"column":39},"end":{"line":35,"column":66}},"19":{"start":{"line":36,"column":49},"end":{"line":36,"column":87}},"20":{"start":{"line":37,"column":35},"end":{"line":37,"column":63}},"21":{"start":{"line":38,"column":21},"end":{"line":38,"column":46}},"22":{"start":{"line":42,"column":4},"end":{"line":60,"column":null}},"23":{"start":{"line":42,"column":4},"end":{"line":42,"column":20}},"24":{"start":{"line":43,"column":8},"end":{"line":59,"column":15}},"25":{"start":{"line":50,"column":16},"end":{"line":56,"column":null}},"26":{"start":{"line":62,"column":4},"end":{"line":79,"column":null}},"27":{"start":{"line":63,"column":8},"end":{"line":78,"column":null}},"28":{"start":{"line":81,"column":4},"end":{"line":89,"column":null}},"29":{"start":{"line":82,"column":8},"end":{"line":88,"column":9}},"30":{"start":{"line":84,"column":12},"end":{"line":84,"column":43}},"31":{"start":{"line":87,"column":12},"end":{"line":87,"column":46}},"32":{"start":{"line":90,"column":0},"end":{"line":90,"column":null}},"33":{"start":{"line":8,"column":13},"end":{"line":8,"column":27}}},"fnMap":{"0":{"name":"(anonymous_7)","decl":{"start":{"line":8,"column":0},"end":{"line":8,"column":13}},"loc":{"start":{"line":8,"column":0},"end":{"line":90,"column":null}}},"1":{"name":"BuildResultRow","decl":{"start":{"line":12,"column":4},"end":{"line":12,"column":16}},"loc":{"start":{"line":12,"column":44},"end":{"line":15,"column":5}}},"2":{"name":"(anonymous_9)","decl":{"start":{"line":17,"column":4},"end":{"line":17,"column":11}},"loc":{"start":{"line":17,"column":99},"end":{"line":24,"column":5}}},"3":{"name":"(anonymous_10)","decl":{"start":{"line":31,"column":4},"end":{"line":31,"column":12}},"loc":{"start":{"line":31,"column":65},"end":{"line":40,"column":5}}},"4":{"name":"(anonymous_11)","decl":{"start":{"line":42,"column":4},"end":{"line":42,"column":20}},"loc":{"start":{"line":42,"column":4},"end":{"line":60,"column":5}}},"5":{"name":"(anonymous_12)","decl":{"start":{"line":49,"column":51},"end":{"line":49,"column":52}},"loc":{"start":{"line":49,"column":73},"end":{"line":57,"column":17}}},"6":{"name":"(anonymous_13)","decl":{"start":{"line":62,"column":4},"end":{"line":62,"column":23}},"loc":{"start":{"line":62,"column":4},"end":{"line":79,"column":5}}},"7":{"name":"(anonymous_14)","decl":{"start":{"line":81,"column":4},"end":{"line":81,"column":10}},"loc":{"start":{"line":81,"column":4},"end":{"line":89,"column":5}}}},"branchMap":{"0":{"loc":{"start":{"line":13,"column":8},"end":{"line":13,"column":21}},"type":"binary-expr","locations":[{"start":{"line":13,"column":8},"end":{"line":13,"column":20}},{"start":{"line":13,"column":20},"end":{"line":13,"column":21}}]},"1":{"loc":{"start":{"line":18,"column":8},"end":{"line":22,"column":9}},"type":"if","locations":[{"start":{"line":18,"column":8},"end":{"line":22,"column":9}}]},"2":{"loc":{"start":{"line":32,"column":8},"end":{"line":39,"column":9}},"type":"switch","locations":[{"start":{"line":33,"column":12},"end":{"line":33,"column":68}},{"start":{"line":34,"column":12},"end":{"line":34,"column":62}},{"start":{"line":35,"column":12},"end":{"line":35,"column":66}},{"start":{"line":36,"column":12},"end":{"line":36,"column":87}},{"start":{"line":37,"column":12},"end":{"line":37,"column":63}},{"start":{"line":38,"column":12},"end":{"line":38,"column":46}}]},"3":{"loc":{"start":{"line":82,"column":8},"end":{"line":88,"column":9}},"type":"if","locations":[{"start":{"line":82,"column":8},"end":{"line":88,"column":9}},{"start":{"line":86,"column":13},"end":{"line":88,"column":9}}]}},"s":{"0":2,"1":2,"2":2,"3":2,"4":2,"5":2,"6":2,"7":2,"8":13,"9":13,"10":2,"11":24,"12":0,"13":24,"14":2,"15":23,"16":18,"17":1,"18":1,"19":1,"20":1,"21":1,"22":2,"23":1,"24":1,"25":2,"26":2,"27":23,"28":2,"29":24,"30":1,"31":23,"32":2,"33":2},"f":{"0":2,"1":13,"2":24,"3":23,"4":1,"5":2,"6":23,"7":24},"b":{"0":[13,13],"1":[0],"2":[18,1,1,1,1,1],"3":[1,23]}}
,"/home/runner/work/AdoPipelineOverview/AdoPipelineOverview/src/Components/StageResultCell.tsx": {"path":"/home/runner/work/AdoPipelineOverview/AdoPipelineOverview/src/Components/StageResultCell.tsx","statementMap":{"0":{"start":{"line":1,"column":0},"end":{"line":1,"column":42}},"1":{"start":{"line":2,"column":0},"end":{"line":2,"column":69}},"2":{"start":{"line":3,"column":0},"end":{"line":3,"column":90}},"3":{"start":{"line":4,"column":0},"end":{"line":4,"column":42}},"4":{"start":{"line":6,"column":0},"end":{"line":6,"column":97}},"5":{"start":{"line":6,"column":37},"end":{"line":6,"column":42}},"6":{"start":{"line":16,"column":8},"end":{"line":16,"column":21}},"7":{"start":{"line":9,"column":12},"end":{"line":13,"column":null}},"8":{"start":{"line":17,"column":8},"end":{"line":17,"column":75}},"9":{"start":{"line":27,"column":12},"end":{"line":53,"column":null}},"10":{"start":{"line":28,"column":8},"end":{"line":41,"column":9}},"11":{"start":{"line":29,"column":12},"end":{"line":31,"column":13}},"12":{"start":{"line":30,"column":16},"end":{"line":30,"column":null}},"13":{"start":{"line":32,"column":12},"end":{"line":34,"column":13}},"14":{"start":{"line":32,"column":55},"end":{"line":32,"column":78}},"15":{"start":{"line":33,"column":16},"end":{"line":33,"column":null}},"16":{"start":{"line":35,"column":12},"end":{"line":37,"column":13}},"17":{"start":{"line":36,"column":16},"end":{"line":36,"column":null}},"18":{"start":{"line":38,"column":12},"end":{"line":40,"column":13}},"19":{"start":{"line":39,"column":16},"end":{"line":39,"column":null}},"20":{"start":{"line":43,"column":8},"end":{"line":45,"column":9}},"21":{"start":{"line":44,"column":12},"end":{"line":44,"column":null}},"22":{"start":{"line":46,"column":8},"end":{"line":52,"column":9}},"23":{"start":{"line":47,"column":12},"end":{"line":47,"column":null}},"24":{"start":{"line":48,"column":15},"end":{"line":52,"column":9}},"25":{"start":{"line":49,"column":12},"end":{"line":49,"column":null}},"26":{"start":{"line":51,"column":12},"end":{"line":51,"column":null}},"27":{"start":{"line":55,"column":4},"end":{"line":82,"column":null}},"28":{"start":{"line":56,"column":8},"end":{"line":59,"column":9}},"29":{"start":{"line":58,"column":12},"end":{"line":58,"column":45}},"30":{"start":{"line":60,"column":35},"end":{"line":63,"column":47}},"31":{"start":{"line":64,"column":8},"end":{"line":81,"column":null}},"32":{"start":{"line":84,"column":4},"end":{"line":91,"column":null}},"33":{"start":{"line":85,"column":8},"end":{"line":90,"column":10}},"34":{"start":{"line":93,"column":4},"end":{"line":100,"column":null}},"35":{"start":{"line":94,"column":8},"end":{"line":99,"column":9}},"36":{"start":{"line":95,"column":12},"end":{"line":95,"column":45}},"37":{"start":{"line":98,"column":12},"end":{"line":98,"column":42}},"38":{"start":{"line":101,"column":0},"end":{"line":101,"column":null}},"39":{"start":{"line":6,"column":13},"end":{"line":6,"column":28}}},"fnMap":{"0":{"name":"(anonymous_7)","decl":{"start":{"line":6,"column":0},"end":{"line":6,"column":13}},"loc":{"start":{"line":6,"column":0},"end":{"line":101,"column":null}}},"1":{"name":"StageResultCell","decl":{"start":{"line":15,"column":4},"end":{"line":15,"column":16}},"loc":{"start":{"line":15,"column":44},"end":{"line":18,"column":5}}},"2":{"name":"(anonymous_9)","decl":{"start":{"line":27,"column":4},"end":{"line":27,"column":12}},"loc":{"start":{"line":27,"column":110},"end":{"line":53,"column":5}}},"3":{"name":"(anonymous_10)","decl":{"start":{"line":32,"column":45},"end":{"line":32,"column":51}},"loc":{"start":{"line":32,"column":51},"end":{"line":32,"column":61}}},"4":{"name":"(anonymous_11)","decl":{"start":{"line":55,"column":4},"end":{"line":55,"column":19}},"loc":{"start":{"line":55,"column":4},"end":{"line":82,"column":5}}},"5":{"name":"(anonymous_12)","decl":{"start":{"line":84,"column":4},"end":{"line":84,"column":22}},"loc":{"start":{"line":84,"column":4},"end":{"line":91,"column":5}}},"6":{"name":"(anonymous_13)","decl":{"start":{"line":93,"column":4},"end":{"line":93,"column":10}},"loc":{"start":{"line":93,"column":4},"end":{"line":100,"column":5}}}},"branchMap":{"0":{"loc":{"start":{"line":16,"column":8},"end":{"line":16,"column":21}},"type":"binary-expr","locations":[{"start":{"line":16,"column":8},"end":{"line":16,"column":20}},{"start":{"line":16,"column":20},"end":{"line":16,"column":21}}]},"1":{"loc":{"start":{"line":28,"column":8},"end":{"line":41,"column":9}},"type":"if","locations":[{"start":{"line":28,"column":8},"end":{"line":41,"column":9}}]},"2":{"loc":{"start":{"line":29,"column":12},"end":{"line":31,"column":13}},"type":"if","locations":[{"start":{"line":29,"column":12},"end":{"line":31,"column":13}}]},"3":{"loc":{"start":{"line":32,"column":12},"end":{"line":34,"column":13}},"type":"if","locations":[{"start":{"line":32,"column":12},"end":{"line":34,"column":13}}]},"4":{"loc":{"start":{"line":35,"column":12},"end":{"line":37,"column":13}},"type":"if","locations":[{"start":{"line":35,"column":12},"end":{"line":37,"column":13}}]},"5":{"loc":{"start":{"line":38,"column":12},"end":{"line":40,"column":13}},"type":"if","locations":[{"start":{"line":38,"column":12},"end":{"line":40,"column":13}}]},"6":{"loc":{"start":{"line":43,"column":8},"end":{"line":45,"column":9}},"type":"if","locations":[{"start":{"line":43,"column":8},"end":{"line":45,"column":9}}]},"7":{"loc":{"start":{"line":46,"column":8},"end":{"line":52,"column":9}},"type":"if","locations":[{"start":{"line":46,"column":8},"end":{"line":52,"column":9}},{"start":{"line":48,"column":15},"end":{"line":52,"column":9}}]},"8":{"loc":{"start":{"line":48,"column":15},"end":{"line":52,"column":9}},"type":"if","locations":[{"start":{"line":48,"column":15},"end":{"line":52,"column":9}},{"start":{"line":50,"column":15},"end":{"line":52,"column":9}}]},"9":{"loc":{"start":{"line":56,"column":8},"end":{"line":59,"column":9}},"type":"if","locations":[{"start":{"line":56,"column":8},"end":{"line":59,"column":9}}]},"10":{"loc":{"start":{"line":73,"column":46},"end":{"line":73,"column":132}},"type":"cond-expr","locations":[{"start":{"line":73,"column":89},"end":{"line":73,"column":98}},{"start":{"line":73,"column":101},"end":{"line":73,"column":132}}]},"11":{"loc":{"start":{"line":75,"column":44},"end":{"line":75,"column":143}},"type":"cond-expr","locations":[{"start":{"line":75,"column":96},"end":{"line":75,"column":105}},{"start":{"line":75,"column":108},"end":{"line":75,"column":143}}]},"12":{"loc":{"start":{"line":94,"column":8},"end":{"line":99,"column":9}},"type":"if","locations":[{"start":{"line":94,"column":8},"end":{"line":99,"column":9}},{"start":{"line":97,"column":13},"end":{"line":99,"column":9}}]}},"s":{"0":3,"1":3,"2":3,"3":3,"4":3,"5":3,"6":14,"7":14,"8":14,"9":3,"10":13,"11":7,"12":1,"13":6,"14":15,"15":3,"16":3,"17":2,"18":1,"19":1,"20":6,"21":1,"22":5,"23":3,"24":2,"25":1,"26":1,"27":3,"28":13,"29":0,"30":13,"31":13,"32":3,"33":1,"34":3,"35":14,"36":1,"37":13,"38":3,"39":3},"f":{"0":3,"1":14,"2":13,"3":15,"4":13,"5":1,"6":14},"b":{"0":[14,14],"1":[7],"2":[1],"3":[3],"4":[2],"5":[1],"6":[1],"7":[3,2],"8":[1,1],"9":[0],"10":[0,13],"11":[13,0],"12":[1,13]}}
,"/home/runner/work/AdoPipelineOverview/AdoPipelineOverview/src/Components/StageStatus.tsx": {"path":"/home/runner/work/AdoPipelineOverview/AdoPipelineOverview/src/Components/StageStatus.tsx","statementMap":{"0":{"start":{"line":5,"column":0},"end":{"line":5,"column":90}},"1":{"start":{"line":6,"column":0},"end":{"line":6,"column":68}},"2":{"start":{"line":7,"column":0},"end":{"line":7,"column":26}},"3":{"start":{"line":9,"column":0},"end":{"line":9,"column":86}},"4":{"start":{"line":9,"column":33},"end":{"line":9,"column":38}},"5":{"start":{"line":11,"column":8},"end":{"line":11,"column":21}},"6":{"start":{"line":12,"column":8},"end":{"line":20,"column":10}},"7":{"start":{"line":23,"column":4},"end":{"line":78,"column":null}},"8":{"start":{"line":25,"column":8},"end":{"line":47,"column":9}},"9":{"start":{"line":26,"column":12},"end":{"line":46,"column":13}},"10":{"start":{"line":27,"column":16},"end":{"line":31,"column":17}},"11":{"start":{"line":28,"column":20},"end":{"line":30,"column":22}},"12":{"start":{"line":32,"column":16},"end":{"line":33,"column":null}},"13":{"start":{"line":36,"column":16},"end":{"line":39,"column":17}},"14":{"start":{"line":38,"column":20},"end":{"line":38,"column":89}},"15":{"start":{"line":40,"column":16},"end":{"line":43,"column":17}},"16":{"start":{"line":42,"column":20},"end":{"line":42,"column":null}},"17":{"start":{"line":44,"column":16},"end":{"line":45,"column":null}},"18":{"start":{"line":49,"column":8},"end":{"line":54,"column":9}},"19":{"start":{"line":51,"column":12},"end":{"line":53,"column":null}},"20":{"start":{"line":55,"column":8},"end":{"line":59,"column":9}},"21":{"start":{"line":57,"column":12},"end":{"line":58,"column":78}},"22":{"start":{"line":60,"column":8},"end":{"line":63,"column":9}},"23":{"start":{"line":61,"column":12},"end":{"line":62,"column":78}},"24":{"start":{"line":64,"column":8},"end":{"line":68,"column":9}},"25":{"start":{"line":66,"column":12},"end":{"line":67,"column":79}},"26":{"start":{"line":69,"column":8},"end":{"line":76,"column":9}},"27":{"start":{"line":70,"column":12},"end":{"line":71,"column":79}},"28":{"start":{"line":74,"column":12},"end":{"line":75,"column":78}},"29":{"start":{"line":80,"column":4},"end":{"line":82,"column":null}},"30":{"start":{"line":81,"column":8},"end":{"line":81,"column":34}},"31":{"start":{"line":83,"column":0},"end":{"line":83,"column":null}},"32":{"start":{"line":9,"column":13},"end":{"line":9,"column":24}}},"fnMap":{"0":{"name":"(anonymous_9)","decl":{"start":{"line":9,"column":0},"end":{"line":9,"column":13}},"loc":{"start":{"line":9,"column":0},"end":{"line":83,"column":null}}},"1":{"name":"StageStatus","decl":{"start":{"line":10,"column":4},"end":{"line":10,"column":16}},"loc":{"start":{"line":10,"column":40},"end":{"line":21,"column":5}}},"2":{"name":"(anonymous_11)","decl":{"start":{"line":23,"column":4},"end":{"line":23,"column":15}},"loc":{"start":{"line":23,"column":4},"end":{"line":78,"column":5}}},"3":{"name":"(anonymous_12)","decl":{"start":{"line":80,"column":4},"end":{"line":80,"column":10}},"loc":{"start":{"line":80,"column":4},"end":{"line":82,"column":5}}}},"branchMap":{"0":{"loc":{"start":{"line":11,"column":8},"end":{"line":11,"column":21}},"type":"binary-expr","locations":[{"start":{"line":11,"column":8},"end":{"line":11,"column":20}},{"start":{"line":11,"column":20},"end":{"line":11,"column":21}}]},"1":{"loc":{"start":{"line":14,"column":28},"end":{"line":14,"column":49}},"type":"cond-expr","locations":[{"start":{"line":14,"column":33},"end":{"line":14,"column":35}},{"start":{"line":14,"column":28},"end":{"line":14,"column":49}}]},"2":{"loc":{"start":{"line":14,"column":28},"end":{"line":14,"column":35}},"type":"binary-expr","locations":[{"start":{"line":14,"column":28},"end":{"line":14,"column":35}},{"start":{"line":14,"column":28},"end":{"line":14,"column":35}}]},"3":{"loc":{"start":{"line":16,"column":23},"end":{"line":16,"column":39}},"type":"cond-expr","locations":[{"start":{"line":16,"column":28},"end":{"line":16,"column":30}},{"start":{"line":16,"column":23},"end":{"line":16,"column":39}}]},"4":{"loc":{"start":{"line":16,"column":23},"end":{"line":16,"column":30}},"type":"binary-expr","locations":[{"start":{"line":16,"column":23},"end":{"line":16,"column":30}},{"start":{"line":16,"column":23},"end":{"line":16,"column":30}}]},"5":{"loc":{"start":{"line":25,"column":8},"end":{"line":47,"column":9}},"type":"if","locations":[{"start":{"line":25,"column":8},"end":{"line":47,"column":9}}]},"6":{"loc":{"start":{"line":25,"column":12},"end":{"line":25,"column":127}},"type":"binary-expr","locations":[{"start":{"line":25,"column":12},"end":{"line":25,"column":42}},{"start":{"line":25,"column":46},"end":{"line":25,"column":88}},{"start":{"line":25,"column":92},"end":{"line":25,"column":127}}]},"7":{"loc":{"start":{"line":26,"column":12},"end":{"line":46,"column":13}},"type":"if","locations":[{"start":{"line":26,"column":12},"end":{"line":46,"column":13}},{"start":{"line":35,"column":17},"end":{"line":46,"column":13}}]},"8":{"loc":{"start":{"line":27,"column":16},"end":{"line":31,"column":17}},"type":"if","locations":[{"start":{"line":27,"column":16},"end":{"line":31,"column":17}}]},"9":{"loc":{"start":{"line":27,"column":20},"end":{"line":27,"column":184}},"type":"binary-expr","locations":[{"start":{"line":27,"column":21},"end":{"line":27,"column":55}},{"start":{"line":27,"column":59},"end":{"line":27,"column":80}},{"start":{"line":27,"column":86},"end":{"line":27,"column":120}},{"start":{"line":27,"column":124},"end":{"line":27,"column":183}}]},"10":{"loc":{"start":{"line":36,"column":16},"end":{"line":39,"column":17}},"type":"if","locations":[{"start":{"line":36,"column":16},"end":{"line":39,"column":17}}]},"11":{"loc":{"start":{"line":36,"column":19},"end":{"line":36,"column":131}},"type":"binary-expr","locations":[{"start":{"line":36,"column":19},"end":{"line":36,"column":48}},{"start":{"line":36,"column":52},"end":{"line":36,"column":86}},{"start":{"line":36,"column":90},"end":{"line":36,"column":131}}]},"12":{"loc":{"start":{"line":40,"column":16},"end":{"line":43,"column":17}},"type":"if","locations":[{"start":{"line":40,"column":16},"end":{"line":43,"column":17}}]},"13":{"loc":{"start":{"line":40,"column":20},"end":{"line":40,"column":68}},"type":"binary-expr","locations":[{"start":{"line":40,"column":20},"end":{"line":40,"column":63}},{"start":{"line":40,"column":67},"end":{"line":40,"column":68}}]},"14":{"loc":{"start":{"line":49,"column":8},"end":{"line":54,"column":9}},"type":"if","locations":[{"start":{"line":49,"column":8},"end":{"line":54,"column":9}}]},"15":{"loc":{"start":{"line":55,"column":8},"end":{"line":59,"column":9}},"type":"if","locations":[{"start":{"line":55,"column":8},"end":{"line":59,"column":9}}]},"16":{"loc":{"start":{"line":60,"column":8},"end":{"line":63,"column":9}},"type":"if","locations":[{"start":{"line":60,"column":8},"end":{"line":63,"column":9}}]},"17":{"loc":{"start":{"line":64,"column":8},"end":{"line":68,"column":9}},"type":"if","locations":[{"start":{"line":64,"column":8},"end":{"line":68,"column":9}}]},"18":{"loc":{"start":{"line":69,"column":8},"end":{"line":76,"column":9}},"type":"if","locations":[{"start":{"line":69,"column":8},"end":{"line":76,"column":9}},{"start":{"line":73,"column":13},"end":{"line":76,"column":9}}]}},"s":{"0":4,"1":4,"2":4,"3":4,"4":4,"5":37,"6":37,"7":4,"8":48,"9":12,"10":3,"11":2,"12":1,"13":9,"14":7,"15":2,"16":1,"17":1,"18":36,"19":4,"20":32,"21":21,"22":11,"23":3,"24":8,"25":3,"26":5,"27":3,"28":2,"29":4,"30":48,"31":4,"32":4},"f":{"0":4,"1":37,"2":48,"3":48},"b":{"0":[37,37],"1":[0,37],"2":[37,37],"3":[0,37],"4":[37,37],"5":[12],"6":[48,48,48],"7":[3,9],"8":[2],"9":[3,0,3,3],"10":[7],"11":[9,9,2],"12":[1],"13":[2,1],"14":[4],"15":[21],"16":[3],"17":[3],"18":[3,2]}}
,"/home/runner/work/AdoPipelineOverview/AdoPipelineOverview/src/Models/BuildWithTimeline.ts": {"path":"/home/runner/work/AdoPipelineOverview/AdoPipelineOverview/src/Models/BuildWithTimeline.ts","statementMap":{"0":{"start":{"line":3,"column":0},"end":{"line":3,"column":13}},"1":{"start":{"line":8,"column":8},"end":{"line":8,"column":null}},"2":{"start":{"line":9,"column":8},"end":{"line":9,"column":null}},"3":{"start":{"line":12,"column":0},"end":{"line":12,"column":null}},"4":{"start":{"line":3,"column":13},"end":{"line":3,"column":30}}},"fnMap":{"0":{"name":"(anonymous_0)","decl":{"start":{"line":3,"column":0},"end":{"line":3,"column":13}},"loc":{"start":{"line":3,"column":0},"end":{"line":12,"column":null}}},"1":{"name":"BuildWithTimeline","decl":{"start":{"line":7,"column":4},"end":{"line":7,"column":16}},"loc":{"start":{"line":7,"column":48},"end":{"line":10,"column":5}}}},"branchMap":{},"s":{"0":2,"1":17,"2":17,"3":2,"4":2},"f":{"0":2,"1":17},"b":{}}
}
